2015-11-10 15:26:56 10fc InnoDB: Warning: Using innodb_additional_mem_pool_size is DEPRECATED. This option may be removed in future releases, together with the option innodb_use_sys_malloc and with the InnoDB's internal memory allocator.
2015-11-10 15:26:56 4348 [Note] InnoDB: Using mutexes to ref count buffer pool pages
2015-11-10 15:26:56 4348 [Note] InnoDB: The InnoDB memory heap is disabled
2015-11-10 15:26:56 4348 [Note] InnoDB: Mutexes and rw_locks use Windows interlocked functions
2015-11-10 15:26:56 4348 [Note] InnoDB: Memory barrier is not used
2015-11-10 15:26:56 4348 [Note] InnoDB: Compressed tables use zlib 1.2.3
2015-11-10 15:26:56 4348 [Note] InnoDB: Not using CPU crc32 instructions
2015-11-10 15:26:56 4348 [Note] InnoDB: Initializing buffer pool, size = 16.0M
2015-11-10 15:26:56 4348 [Note] InnoDB: Completed initialization of buffer pool
2015-11-10 15:26:56 4348 [Note] InnoDB: Highest supported file format is Barracuda.
2015-11-10 15:26:57 4348 [Note] InnoDB: 128 rollback segment(s) are active.
2015-11-10 15:26:57 4348 [Note] InnoDB: Waiting for purge to start
2015-11-10 15:26:57 4348 [Note] InnoDB:  Percona XtraDB (http://www.percona.com) 5.6.26-74.0 started; log sequence number 1835027
2015-11-10 15:26:57 6140 [Note] InnoDB: Dumping buffer pool(s) not yet started
2015-11-10 15:26:57 4348 [Note] Plugin 'FEEDBACK' is disabled.
2015-11-10 15:26:57 4348 [Note] Server socket created on IP: '::'.
2015-11-10 15:26:57 4348 [Note] Event Scheduler: Loaded 0 events
2015-11-10 15:26:57 4348 [Note] C:\xampp\mysql\bin\mysqld.exe: ready for connections.
Version: '10.1.8-MariaDB'  socket: ''  port: 3306  mariadb.org binary distribution
2015-11-10 15:27:11 5152 [Note] C:\xampp\mysql\bin\mysqld.exe: Normal shutdown

2015-11-10 15:27:11 5152 [Note] Event Scheduler: Purging the queue. 0 events
2015-11-10 15:27:11 5732 [Note] InnoDB: FTS optimize thread exiting.
2015-11-10 15:27:11 5152 [Note] InnoDB: Starting shutdown...
2015-11-10 15:27:13 5152 [Note] InnoDB: Shutdown completed; log sequence number 1835037
2015-11-10 15:27:13 5152 [Note] C:\xampp\mysql\bin\mysqld.exe: Shutdown complete

2018-10-14 22:13:14 5724 InnoDB: Warning: Using innodb_additional_mem_pool_size is DEPRECATED. This option may be removed in future releases, together with the option innodb_use_sys_malloc and with the InnoDB's internal memory allocator.
2018-10-14 22:13:14 22308 [Note] InnoDB: innodb_empty_free_list_algorithm has been changed to legacy because of small buffer pool size. In order to use backoff, increase buffer pool at least up to 20MB.

2018-10-14 22:13:14 22308 [Note] InnoDB: Using mutexes to ref count buffer pool pages
2018-10-14 22:13:14 22308 [Note] InnoDB: The InnoDB memory heap is disabled
2018-10-14 22:13:14 22308 [Note] InnoDB: Mutexes and rw_locks use Windows interlocked functions
2018-10-14 22:13:14 22308 [Note] InnoDB: _mm_lfence() and _mm_sfence() are used for memory barrier
2018-10-14 22:13:14 22308 [Note] InnoDB: Compressed tables use zlib 1.2.3
2018-10-14 22:13:14 22308 [Note] InnoDB: Using generic crc32 instructions
2018-10-14 22:13:14 22308 [Note] InnoDB: Initializing buffer pool, size = 16.0M
2018-10-14 22:13:14 22308 [Note] InnoDB: Completed initialization of buffer pool
2018-10-14 22:13:14 22308 [Note] InnoDB: Highest supported file format is Barracuda.
2018-10-14 22:13:14 22308 [Note] InnoDB: 128 rollback segment(s) are active.
2018-10-14 22:13:14 22308 [Note] InnoDB: Waiting for purge to start
2018-10-14 22:13:14 22308 [Note] InnoDB:  Percona XtraDB (http://www.percona.com) 5.6.39-83.1 started; log sequence number 1835037
2018-10-14 22:13:14 24712 [Note] InnoDB: Dumping buffer pool(s) not yet started
2018-10-14 22:13:14 22308 [Note] Plugin 'FEEDBACK' is disabled.
2018-10-14 22:13:14 22308 [Note] Server socket created on IP: '::'.
2018-10-14 22:13:15 22308 [Note] c:\users\brandon lee\desktop\ikomo\xampp\mysql\bin\mysqld.exe: ready for connections.
Version: '10.1.36-MariaDB'  socket: ''  port: 3306  mariadb.org binary distribution
2018-10-14 22:55:29 f90 InnoDB: Warning: Using innodb_additional_mem_pool_size is DEPRECATED. This option may be removed in future releases, together with the option innodb_use_sys_malloc and with the InnoDB's internal memory allocator.
2018-10-14 22:55:29 3984 [Note] InnoDB: innodb_empty_free_list_algorithm has been changed to legacy because of small buffer pool size. In order to use backoff, increase buffer pool at least up to 20MB.

2018-10-14 22:55:29 3984 [Note] InnoDB: Using mutexes to ref count buffer pool pages
2018-10-14 22:55:29 3984 [Note] InnoDB: The InnoDB memory heap is disabled
2018-10-14 22:55:29 3984 [Note] InnoDB: Mutexes and rw_locks use Windows interlocked functions
2018-10-14 22:55:29 3984 [Note] InnoDB: _mm_lfence() and _mm_sfence() are used for memory barrier
2018-10-14 22:55:29 3984 [Note] InnoDB: Compressed tables use zlib 1.2.3
2018-10-14 22:55:29 3984 [Note] InnoDB: Using generic crc32 instructions
2018-10-14 22:55:29 3984 [Note] InnoDB: Initializing buffer pool, size = 16.0M
2018-10-14 22:55:29 3984 [Note] InnoDB: Completed initialization of buffer pool
2018-10-14 22:55:29 3984 [Note] InnoDB: Highest supported file format is Barracuda.
2018-10-14 22:55:29 3984 [Note] InnoDB: The log sequence number 1835037 in ibdata file do not match the log sequence number 1835386 in the ib_logfiles!
2018-10-14 22:55:29 3984 [Note] InnoDB: Restoring possible half-written data pages from the doublewrite buffer...
2018-10-14 22:55:30 3984 [Note] InnoDB: 128 rollback segment(s) are active.
2018-10-14 22:55:30 3984 [Note] InnoDB: Waiting for purge to start
2018-10-14 22:55:30 3984 [Note] InnoDB: Waiting for purge to start
2018-10-14 22:55:30 3984 [Note] InnoDB:  Percona XtraDB (http://www.percona.com) 5.6.39-83.1 started; log sequence number 1835386
2018-10-14 22:55:30 3984 [Note] Plugin 'FEEDBACK' is disabled.
2018-10-14 22:55:30 33856 [Note] InnoDB: Dumping buffer pool(s) not yet started
2018-10-14 22:55:30 3984 [Note] Server socket created on IP: '::'.
2018-10-14 22:55:31 3984 [Note] c:\users\brandon lee\desktop\ikomo\xampp\mysql\bin\mysqld.exe: ready for connections.
Version: '10.1.36-MariaDB'  socket: ''  port: 3306  mariadb.org binary distribution
2018-10-14 22:58:10 5728 InnoDB: Warning: Using innodb_additional_mem_pool_size is DEPRECATED. This option may be removed in future releases, together with the option innodb_use_sys_malloc and with the InnoDB's internal memory allocator.
2018-10-14 22:58:10 22312 [Note] InnoDB: innodb_empty_free_list_algorithm has been changed to legacy because of small buffer pool size. In order to use backoff, increase buffer pool at least up to 20MB.

2018-10-14 22:58:10 22312 [Note] InnoDB: Using mutexes to ref count buffer pool pages
2018-10-14 22:58:10 22312 [Note] InnoDB: The InnoDB memory heap is disabled
2018-10-14 22:58:10 22312 [Note] InnoDB: Mutexes and rw_locks use Windows interlocked functions
2018-10-14 22:58:10 22312 [Note] InnoDB: _mm_lfence() and _mm_sfence() are used for memory barrier
2018-10-14 22:58:10 22312 [Note] InnoDB: Compressed tables use zlib 1.2.3
2018-10-14 22:58:10 22312 [Note] InnoDB: Using generic crc32 instructions
2018-10-14 22:58:10 22312 [Note] InnoDB: Initializing buffer pool, size = 16.0M
2018-10-14 22:58:10 22312 [Note] InnoDB: Completed initialization of buffer pool
2018-10-14 22:58:10 22312 [Note] InnoDB: Highest supported file format is Barracuda.
2018-10-14 22:58:10 22312 [Note] InnoDB: The log sequence number 1835037 in ibdata file do not match the log sequence number 1835396 in the ib_logfiles!
2018-10-14 22:58:10 22312 [Note] InnoDB: Restoring possible half-written data pages from the doublewrite buffer...
2018-10-14 22:58:11 22312 [Note] InnoDB: 128 rollback segment(s) are active.
2018-10-14 22:58:11 22312 [Note] InnoDB: Waiting for purge to start
2018-10-14 22:58:12 22312 [Note] InnoDB:  Percona XtraDB (http://www.percona.com) 5.6.39-83.1 started; log sequence number 1835396
2018-10-14 22:58:12 22312 [Note] Plugin 'FEEDBACK' is disabled.
2018-10-14 22:58:12 22312 [Note] Server socket created on IP: '::'.
2018-10-14 22:58:12 16952 [Note] InnoDB: Dumping buffer pool(s) not yet started
2018-10-14 22:58:12 22312 [Note] c:\users\brandon lee\desktop\ikomo\xampp\mysql\bin\mysqld.exe: ready for connections.
Version: '10.1.36-MariaDB'  socket: ''  port: 3306  mariadb.org binary distribution
2018-10-14 23:04:32 38ac InnoDB: Warning: Using innodb_additional_mem_pool_size is DEPRECATED. This option may be removed in future releases, together with the option innodb_use_sys_malloc and with the InnoDB's internal memory allocator.
2018-10-14 23:04:32 14508 [Note] InnoDB: innodb_empty_free_list_algorithm has been changed to legacy because of small buffer pool size. In order to use backoff, increase buffer pool at least up to 20MB.

2018-10-14 23:04:32 14508 [Note] InnoDB: Using mutexes to ref count buffer pool pages
2018-10-14 23:04:32 14508 [Note] InnoDB: The InnoDB memory heap is disabled
2018-10-14 23:04:32 14508 [Note] InnoDB: Mutexes and rw_locks use Windows interlocked functions
2018-10-14 23:04:32 14508 [Note] InnoDB: _mm_lfence() and _mm_sfence() are used for memory barrier
2018-10-14 23:04:32 14508 [Note] InnoDB: Compressed tables use zlib 1.2.3
2018-10-14 23:04:32 14508 [Note] InnoDB: Using generic crc32 instructions
2018-10-14 23:04:32 14508 [Note] InnoDB: Initializing buffer pool, size = 16.0M
2018-10-14 23:04:32 14508 [Note] InnoDB: Completed initialization of buffer pool
2018-10-14 23:04:33 14508 [Note] InnoDB: Highest supported file format is Barracuda.
2018-10-14 23:04:33 14508 [Note] InnoDB: The log sequence number 1835037 in ibdata file do not match the log sequence number 1835406 in the ib_logfiles!
2018-10-14 23:04:33 14508 [Note] InnoDB: Restoring possible half-written data pages from the doublewrite buffer...
2018-10-14 23:04:34 14508 [Note] InnoDB: 128 rollback segment(s) are active.
2018-10-14 23:04:34 14508 [Note] InnoDB: Waiting for purge to start
2018-10-14 23:04:34 14508 [Note] InnoDB: Waiting for purge to start
2018-10-14 23:04:34 14508 [Note] InnoDB:  Percona XtraDB (http://www.percona.com) 5.6.39-83.1 started; log sequence number 1835406
2018-10-14 23:04:34 24124 [Note] InnoDB: Dumping buffer pool(s) not yet started
2018-10-14 23:04:34 14508 [Note] Plugin 'FEEDBACK' is disabled.
2018-10-14 23:04:34 14508 [Note] Server socket created on IP: '::'.
2018-10-14 23:04:35 14508 [Note] c:\users\brandon lee\desktop\ikomo\xampp\mysql\bin\mysqld.exe: ready for connections.
Version: '10.1.36-MariaDB'  socket: ''  port: 3306  mariadb.org binary distribution
2018-10-15 09:16:57 3e54 InnoDB: Warning: Using innodb_additional_mem_pool_size is DEPRECATED. This option may be removed in future releases, together with the option innodb_use_sys_malloc and with the InnoDB's internal memory allocator.
2018-10-15  9:16:57 15956 [Note] InnoDB: innodb_empty_free_list_algorithm has been changed to legacy because of small buffer pool size. In order to use backoff, increase buffer pool at least up to 20MB.

2018-10-15  9:16:57 15956 [Note] InnoDB: Using mutexes to ref count buffer pool pages
2018-10-15  9:16:57 15956 [Note] InnoDB: The InnoDB memory heap is disabled
2018-10-15  9:16:57 15956 [Note] InnoDB: Mutexes and rw_locks use Windows interlocked functions
2018-10-15  9:16:57 15956 [Note] InnoDB: _mm_lfence() and _mm_sfence() are used for memory barrier
2018-10-15  9:16:57 15956 [Note] InnoDB: Compressed tables use zlib 1.2.3
2018-10-15  9:16:57 15956 [Note] InnoDB: Using generic crc32 instructions
2018-10-15  9:16:57 15956 [Note] InnoDB: Initializing buffer pool, size = 16.0M
2018-10-15  9:16:57 15956 [Note] InnoDB: Completed initialization of buffer pool
2018-10-15  9:16:57 15956 [Note] InnoDB: Highest supported file format is Barracuda.
2018-10-15  9:16:57 15956 [Note] InnoDB: The log sequence number 1835037 in ibdata file do not match the log sequence number 1853394 in the ib_logfiles!
2018-10-15  9:16:57 15956 [Note] InnoDB: Restoring possible half-written data pages from the doublewrite buffer...
2018-10-15  9:16:57 15956 [Note] InnoDB: 128 rollback segment(s) are active.
2018-10-15  9:16:57 15956 [Note] InnoDB: Waiting for purge to start
2018-10-15  9:16:57 15956 [Note] InnoDB:  Percona XtraDB (http://www.percona.com) 5.6.39-83.1 started; log sequence number 1853394
2018-10-15  9:16:57 7620 [Note] InnoDB: Dumping buffer pool(s) not yet started
2018-10-15  9:16:57 15956 [Note] Plugin 'FEEDBACK' is disabled.
2018-10-15  9:16:57 15956 [Note] Server socket created on IP: '::'.
2018-10-15  9:16:58 15956 [Note] c:\users\brandon lee\desktop\ikomo\xampp\mysql\bin\mysqld.exe: ready for connections.
Version: '10.1.36-MariaDB'  socket: ''  port: 3306  mariadb.org binary distribution
2018-10-15 10:24:19 2c64 InnoDB: Warning: Using innodb_additional_mem_pool_size is DEPRECATED. This option may be removed in future releases, together with the option innodb_use_sys_malloc and with the InnoDB's internal memory allocator.
2018-10-15 10:24:19 11364 [Note] InnoDB: innodb_empty_free_list_algorithm has been changed to legacy because of small buffer pool size. In order to use backoff, increase buffer pool at least up to 20MB.

2018-10-15 10:24:19 11364 [Note] InnoDB: Using mutexes to ref count buffer pool pages
2018-10-15 10:24:19 11364 [Note] InnoDB: The InnoDB memory heap is disabled
2018-10-15 10:24:19 11364 [Note] InnoDB: Mutexes and rw_locks use Windows interlocked functions
2018-10-15 10:24:19 11364 [Note] InnoDB: _mm_lfence() and _mm_sfence() are used for memory barrier
2018-10-15 10:24:19 11364 [Note] InnoDB: Compressed tables use zlib 1.2.3
2018-10-15 10:24:19 11364 [Note] InnoDB: Using generic crc32 instructions
2018-10-15 10:24:20 11364 [Note] InnoDB: Initializing buffer pool, size = 16.0M
2018-10-15 10:24:20 11364 [Note] InnoDB: Completed initialization of buffer pool
2018-10-15 10:24:20 11364 [Note] InnoDB: Highest supported file format is Barracuda.
2018-10-15 10:24:20 11364 [Note] InnoDB: The log sequence number 1835037 in ibdata file do not match the log sequence number 1875247 in the ib_logfiles!
2018-10-15 10:24:20 11364 [Note] InnoDB: Restoring possible half-written data pages from the doublewrite buffer...
2018-10-15 10:24:20 11364 [Note] InnoDB: 128 rollback segment(s) are active.
2018-10-15 10:24:20 11364 [Note] InnoDB: Waiting for purge to start
2018-10-15 10:24:20 11364 [Note] InnoDB:  Percona XtraDB (http://www.percona.com) 5.6.39-83.1 started; log sequence number 1875247
2018-10-15 10:24:20 7452 [Note] InnoDB: Dumping buffer pool(s) not yet started
2018-10-15 10:24:20 11364 [Note] Plugin 'FEEDBACK' is disabled.
2018-10-15 10:24:20 11364 [Note] Server socket created on IP: '::'.
2018-10-15 10:24:21 11364 [Note] c:\users\brandon lee\desktop\ikomo\xampp\mysql\bin\mysqld.exe: ready for connections.
Version: '10.1.36-MariaDB'  socket: ''  port: 3306  mariadb.org binary distribution
2018-10-15 13:07:26 4794 InnoDB: Warning: Using innodb_additional_mem_pool_size is DEPRECATED. This option may be removed in future releases, together with the option innodb_use_sys_malloc and with the InnoDB's internal memory allocator.
2018-10-15 13:07:26 18324 [Note] InnoDB: innodb_empty_free_list_algorithm has been changed to legacy because of small buffer pool size. In order to use backoff, increase buffer pool at least up to 20MB.

2018-10-15 13:07:26 18324 [Note] InnoDB: Using mutexes to ref count buffer pool pages
2018-10-15 13:07:26 18324 [Note] InnoDB: The InnoDB memory heap is disabled
2018-10-15 13:07:26 18324 [Note] InnoDB: Mutexes and rw_locks use Windows interlocked functions
2018-10-15 13:07:26 18324 [Note] InnoDB: _mm_lfence() and _mm_sfence() are used for memory barrier
2018-10-15 13:07:26 18324 [Note] InnoDB: Compressed tables use zlib 1.2.3
2018-10-15 13:07:26 18324 [Note] InnoDB: Using generic crc32 instructions
2018-10-15 13:07:26 18324 [Note] InnoDB: Initializing buffer pool, size = 16.0M
2018-10-15 13:07:26 18324 [Note] InnoDB: Completed initialization of buffer pool
2018-10-15 13:07:26 18324 [Note] InnoDB: Highest supported file format is Barracuda.
2018-10-15 13:07:26 18324 [Note] InnoDB: The log sequence number 1835037 in ibdata file do not match the log sequence number 1880509 in the ib_logfiles!
2018-10-15 13:07:27 18324 [Note] InnoDB: Restoring possible half-written data pages from the doublewrite buffer...
2018-10-15 13:07:27 18324 [Note] InnoDB: 128 rollback segment(s) are active.
2018-10-15 13:07:27 18324 [Note] InnoDB: Waiting for purge to start
2018-10-15 13:07:27 18324 [Note] InnoDB: Waiting for purge to start
2018-10-15 13:07:27 18324 [Note] InnoDB:  Percona XtraDB (http://www.percona.com) 5.6.39-83.1 started; log sequence number 1880509
2018-10-15 13:07:28 5388 [Note] InnoDB: Dumping buffer pool(s) not yet started
2018-10-15 13:07:28 18324 [Note] Plugin 'FEEDBACK' is disabled.
2018-10-15 13:07:28 18324 [Note] Server socket created on IP: '::'.
2018-10-15 13:07:28 18324 [Note] c:\users\brandon lee\desktop\ikomo\xampp\mysql\bin\mysqld.exe: ready for connections.
Version: '10.1.36-MariaDB'  socket: ''  port: 3306  mariadb.org binary distribution
2018-10-15 21:01:51 6bb4 InnoDB: Warning: Using innodb_additional_mem_pool_size is DEPRECATED. This option may be removed in future releases, together with the option innodb_use_sys_malloc and with the InnoDB's internal memory allocator.
2018-10-15 21:01:51 27572 [Note] InnoDB: innodb_empty_free_list_algorithm has been changed to legacy because of small buffer pool size. In order to use backoff, increase buffer pool at least up to 20MB.

2018-10-15 21:01:51 27572 [Note] InnoDB: Using mutexes to ref count buffer pool pages
2018-10-15 21:01:51 27572 [Note] InnoDB: The InnoDB memory heap is disabled
2018-10-15 21:01:51 27572 [Note] InnoDB: Mutexes and rw_locks use Windows interlocked functions
2018-10-15 21:01:51 27572 [Note] InnoDB: _mm_lfence() and _mm_sfence() are used for memory barrier
2018-10-15 21:01:51 27572 [Note] InnoDB: Compressed tables use zlib 1.2.3
2018-10-15 21:01:51 27572 [Note] InnoDB: Using generic crc32 instructions
2018-10-15 21:01:51 27572 [Note] InnoDB: Initializing buffer pool, size = 16.0M
2018-10-15 21:01:51 27572 [Note] InnoDB: Completed initialization of buffer pool
2018-10-15 21:01:51 27572 [Note] InnoDB: Highest supported file format is Barracuda.
2018-10-15 21:01:51 27572 [Note] InnoDB: The log sequence number 1835037 in ibdata file do not match the log sequence number 1881888 in the ib_logfiles!
2018-10-15 21:01:52 27572 [Note] InnoDB: Restoring possible half-written data pages from the doublewrite buffer...
2018-10-15 21:01:52 27572 [Note] InnoDB: 128 rollback segment(s) are active.
2018-10-15 21:01:52 27572 [Note] InnoDB: Waiting for purge to start
2018-10-15 21:01:52 27572 [Note] InnoDB:  Percona XtraDB (http://www.percona.com) 5.6.39-83.1 started; log sequence number 1881888
2018-10-15 21:01:52 34108 [Note] InnoDB: Dumping buffer pool(s) not yet started
2018-10-15 21:01:53 27572 [Note] Plugin 'FEEDBACK' is disabled.
2018-10-15 21:01:53 27572 [Note] Server socket created on IP: '::'.
2018-10-15 21:01:53 27572 [Note] c:\users\brandon lee\desktop\ikomo\xampp\mysql\bin\mysqld.exe: ready for connections.
Version: '10.1.36-MariaDB'  socket: ''  port: 3306  mariadb.org binary distribution
2018-10-17 10:37:47 21b0 InnoDB: Warning: Using innodb_additional_mem_pool_size is DEPRECATED. This option may be removed in future releases, together with the option innodb_use_sys_malloc and with the InnoDB's internal memory allocator.
2018-10-17 10:37:47 8624 [Note] InnoDB: innodb_empty_free_list_algorithm has been changed to legacy because of small buffer pool size. In order to use backoff, increase buffer pool at least up to 20MB.

2018-10-17 10:37:47 8624 [Note] InnoDB: Using mutexes to ref count buffer pool pages
2018-10-17 10:37:47 8624 [Note] InnoDB: The InnoDB memory heap is disabled
2018-10-17 10:37:47 8624 [Note] InnoDB: Mutexes and rw_locks use Windows interlocked functions
2018-10-17 10:37:47 8624 [Note] InnoDB: _mm_lfence() and _mm_sfence() are used for memory barrier
2018-10-17 10:37:47 8624 [Note] InnoDB: Compressed tables use zlib 1.2.3
2018-10-17 10:37:47 8624 [Note] InnoDB: Using generic crc32 instructions
2018-10-17 10:37:47 8624 [Note] InnoDB: Initializing buffer pool, size = 16.0M
2018-10-17 10:37:47 8624 [Note] InnoDB: Completed initialization of buffer pool
2018-10-17 10:37:47 8624 [Note] InnoDB: Highest supported file format is Barracuda.
2018-10-17 10:37:47 8624 [Note] InnoDB: The log sequence number 1835037 in ibdata file do not match the log sequence number 1881898 in the ib_logfiles!
2018-10-17 10:37:47 8624 [Note] InnoDB: Restoring possible half-written data pages from the doublewrite buffer...
2018-10-17 10:37:47 8624 [Note] InnoDB: 128 rollback segment(s) are active.
2018-10-17 10:37:47 8624 [Note] InnoDB: Waiting for purge to start
2018-10-17 10:37:47 8624 [Note] InnoDB:  Percona XtraDB (http://www.percona.com) 5.6.39-83.1 started; log sequence number 1881898
2018-10-17 10:37:47 7832 [Note] InnoDB: Dumping buffer pool(s) not yet started
2018-10-17 10:37:47 8624 [Note] Plugin 'FEEDBACK' is disabled.
2018-10-17 10:37:47 8624 [Note] Server socket created on IP: '::'.
2018-10-17 10:37:47 8624 [Note] c:\users\brandon lee\desktop\ikomo\xampp\mysql\bin\mysqld.exe: ready for connections.
Version: '10.1.36-MariaDB'  socket: ''  port: 3306  mariadb.org binary distribution
