::1 - - [07/Oct/2018:21:42:52 -0700] "GET /phpmyadmin HTTP/1.1" 301 241
::1 - - [07/Oct/2018:21:42:52 -0700] "GET /phpmyadmin/ HTTP/1.1" 200 8469
::1 - - [07/Oct/2018:21:42:53 -0700] "GET /phpmyadmin/themes/pmahomme/img/logo_right.png HTTP/1.1" 200 4548
::1 - - [07/Oct/2018:21:42:53 -0700] "GET /phpmyadmin/themes/pmahomme/jquery/jquery-ui-1.9.2.custom.css HTTP/1.1" 200 32278
::1 - - [07/Oct/2018:21:42:53 -0700] "GET /phpmyadmin/themes/dot.gif HTTP/1.1" 200 43
::1 - - [07/Oct/2018:21:42:53 -0700] "GET /phpmyadmin/js/get_image.js.php?theme=pmahomme HTTP/1.1" 200 6263
::1 - - [07/Oct/2018:21:42:53 -0700] "GET /phpmyadmin/js/messages.php?lang=en&db=&server=0&collation_connection=utf8_general_ci&token=22a5aa2d44d807c400c477f36101a538 HTTP/1.1" 200 16674
::1 - - [07/Oct/2018:21:42:53 -0700] "GET /phpmyadmin/js/get_scripts.js.php?scripts[]=jquery/jquery-1.8.3.js&scripts[]=ajax.js&scripts[]=keyhandler.js&scripts[]=jquery/jquery-ui-1.9.2.custom.js&scripts[]=jquery/jquery.sprintf.js&scripts[]=jquery/jquery.cookie.js&scripts[]=jquery/jquery.mousewheel.js&scripts[]=jquery/jquery.event.drag-2.2.js&scripts[]=jquery/jquery-ui-timepicker-addon.js&scripts[]=jquery/jquery.ba-hashchange-1.3.js&scripts[]=jquery/jquery.debounce-1.0.5.js&scripts[]=jquery/jquery.menuResizer-1.0.js&scripts[]=rte.js&scripts[]=functions.js&scripts[]=navigation.js&scripts[]=indexes.js&scripts[]=common.js&scripts[]=codemirror/lib/codemirror.js&scripts[]=codemirror/mode/mysql/mysql.js HTTP/1.1" 200 578562
::1 - - [07/Oct/2018:21:42:53 -0700] "GET /phpmyadmin/phpmyadmin.css.php?server=1&lang=en&collation_connection=utf8_general_ci&token=a214207226a7287f2dcee60706860e66&nocache=4125195912ltr HTTP/1.1" 200 88608
::1 - - [07/Oct/2018:21:42:54 -0700] "GET /phpmyadmin/themes/pmahomme/img/sprites.png HTTP/1.1" 200 61899
::1 - - [07/Oct/2018:21:42:55 -0700] "GET /phpmyadmin/favicon.ico HTTP/1.1" 200 18902
::1 - - [07/Oct/2018:21:43:06 -0700] "POST /phpmyadmin/index.php HTTP/1.1" 302 -
::1 - - [07/Oct/2018:21:43:07 -0700] "GET /phpmyadmin/index.php?token=a214207226a7287f2dcee60706860e66 HTTP/1.1" 200 42535
::1 - - [07/Oct/2018:21:43:09 -0700] "GET /phpmyadmin/themes/pmahomme/img/ajax_clock_small.gif HTTP/1.1" 200 1810
::1 - - [07/Oct/2018:21:43:09 -0700] "GET /phpmyadmin/themes/pmahomme/img/logo_left.png HTTP/1.1" 200 2327
::1 - - [07/Oct/2018:21:43:09 -0700] "GET /phpmyadmin/phpmyadmin.css.php?server=1&token=a214207226a7287f2dcee60706860e66&nocache=5664169700ltr HTTP/1.1" 200 88608
::1 - - [07/Oct/2018:21:43:09 -0700] "GET /phpmyadmin/js/messages.php?lang=en&db=&server=0&token=a214207226a7287f2dcee60706860e66 HTTP/1.1" 200 16674
::1 - - [07/Oct/2018:21:43:10 -0700] "GET /phpmyadmin/themes/pmahomme/img/left_nav_bg.png HTTP/1.1" 200 297
::1 - - [07/Oct/2018:21:43:11 -0700] "GET /phpmyadmin/version_check.php?&_nocache=1538973791094349901 HTTP/1.1" 200 39
::1 - - [07/Oct/2018:21:43:15 -0700] "GET /phpmyadmin/server_databases.php?db=&token=a214207226a7287f2dcee60706860e66&ajax_request=true&ajax_page_request=true&menuHashes=583cc640&_nocache=1538973795255365247 HTTP/1.1" 200 33134
::1 - - [07/Oct/2018:21:43:15 -0700] "GET /phpmyadmin/themes/pmahomme/img/arrow_ltr.png HTTP/1.1" 200 139
::1 - - [07/Oct/2018:21:43:15 -0700] "GET /phpmyadmin/js/get_scripts.js.php?scripts[]=server_databases.js HTTP/1.1" 200 1818
::1 - - [07/Oct/2018:21:43:37 -0700] "POST /phpmyadmin/db_create.php HTTP/1.1" 200 2447
::1 - - [07/Oct/2018:21:43:37 -0700] "POST /phpmyadmin/navigation.php?ajax_request=1&token=a214207226a7287f2dcee60706860e66 HTTP/1.1" 200 1324
::1 - - [07/Oct/2018:21:43:40 -0700] "GET /phpmyadmin/db_structure.php?db=users_database&token=a214207226a7287f2dcee60706860e66&db=users_database&ajax_request=true&ajax_page_request=true&menuHashes=583cc640-b3d980a1&_nocache=1538973820297237832 HTTP/1.1" 200 5654
::1 - - [07/Oct/2018:21:43:40 -0700] "GET /phpmyadmin/js/get_scripts.js.php?scripts[]=db_structure.js&scripts[]=tbl_change.js HTTP/1.1" 200 12382
::1 - - [07/Oct/2018:21:45:09 -0700] "POST /phpmyadmin/tbl_create.php HTTP/1.1" 200 200121
::1 - - [07/Oct/2018:21:45:10 -0700] "GET /phpmyadmin/index.php?ajax_request=1&recent_table=1&token=a214207226a7287f2dcee60706860e66 HTTP/1.1" 200 222
::1 - - [07/Oct/2018:21:46:09 -0700] "POST /phpmyadmin/tbl_create.php HTTP/1.1" 200 9386
::1 - - [07/Oct/2018:21:46:10 -0700] "GET /phpmyadmin/db_structure.php?token=a214207226a7287f2dcee60706860e66&server=1&db=users_database&table=Users&ajax_request=true&ajax_page_request=true&menuHashes=583cc640-b3d980a1-18a3bcb0-1189ae21&_nocache=1538973970163788631 HTTP/1.1" 200 9607
::1 - - [07/Oct/2018:21:46:10 -0700] "POST /phpmyadmin/navigation.php?ajax_request=1&token=a214207226a7287f2dcee60706860e66 HTTP/1.1" 200 1324
::1 - - [07/Oct/2018:21:46:11 -0700] "GET /phpmyadmin/index.php?ajax_request=1&recent_table=1&token=a214207226a7287f2dcee60706860e66 HTTP/1.1" 200 222
::1 - - [07/Oct/2018:21:46:18 -0700] "GET /phpmyadmin/sql.php?db=users_database&token=a214207226a7287f2dcee60706860e66&goto=db_structure.php&table=users&pos=0&ajax_request=true&ajax_page_request=true&menuHashes=583cc640-b3d980a1-18a3bcb0-1189ae21&_nocache=153897397891578007 HTTP/1.1" 200 10295
::1 - - [07/Oct/2018:21:46:19 -0700] "GET /phpmyadmin/js/get_scripts.js.php?scripts[]=tbl_structure.js&scripts[]=gis_data_editor.js HTTP/1.1" 200 15188
::1 - - [07/Oct/2018:21:46:19 -0700] "GET /phpmyadmin/index.php?ajax_request=1&recent_table=1&token=a214207226a7287f2dcee60706860e66 HTTP/1.1" 200 354
::1 - - [07/Oct/2018:21:46:26 -0700] "GET /phpmyadmin/sql.php?db=users_database&table=users&token=a214207226a7287f2dcee60706860e66&pos=0&ajax_request=true&ajax_page_request=true&menuHashes=583cc640-b3d980a1-18a3bcb0-1189ae21-5ddf43f2&_nocache=1538973986833713398 HTTP/1.1" 200 7200
::1 - - [07/Oct/2018:21:46:27 -0700] "GET /phpmyadmin/index.php?ajax_request=1&recent_table=1&token=a214207226a7287f2dcee60706860e66 HTTP/1.1" 200 354
::1 - - [07/Oct/2018:21:46:28 -0700] "GET /phpmyadmin/db_structure.php?db=users_database&token=a214207226a7287f2dcee60706860e66&ajax_request=true&ajax_page_request=true&menuHashes=583cc640-b3d980a1-18a3bcb0-1189ae21-5ddf43f2&_nocache=1538973988269608953 HTTP/1.1" 200 9434
::1 - - [07/Oct/2018:21:46:32 -0700] "GET /phpmyadmin/db_sql.php?db=users_database&token=a214207226a7287f2dcee60706860e66&db_query_force=1&ajax_request=true&ajax_page_request=true&menuHashes=583cc640-b3d980a1-18a3bcb0-1189ae21-5ddf43f2&_nocache=1538973992105733530 HTTP/1.1" 200 7183
::1 - - [07/Oct/2018:21:46:32 -0700] "GET /phpmyadmin/js/get_scripts.js.php?scripts[]=makegrid.js&scripts[]=sql.js HTTP/1.1" 200 35099
::1 - - [07/Oct/2018:21:46:33 -0700] "GET /phpmyadmin/db_structure.php?db=users_database&token=a214207226a7287f2dcee60706860e66&ajax_request=true&ajax_page_request=true&menuHashes=583cc640-b3d980a1-18a3bcb0-1189ae21-5ddf43f2-f7dc4e9a&_nocache=1538973993830209955 HTTP/1.1" 200 9434
