2018-10-07 21:42:31 28220 [Note] Plugin 'FEDERATED' is disabled.
2018-10-07 21:42:31 28220 [Note] InnoDB: The InnoDB memory heap is disabled
2018-10-07 21:42:31 28220 [Note] InnoDB: Mutexes and rw_locks use Windows interlocked functions
2018-10-07 21:42:31 28220 [Note] InnoDB: Compressed tables use zlib 1.2.3
2018-10-07 21:42:31 28220 [Note] InnoDB: Not using CPU crc32 instructions
2018-10-07 21:42:31 28220 [Note] InnoDB: Initializing buffer pool, size = 128.0M
2018-10-07 21:42:31 28220 [Note] InnoDB: Completed initialization of buffer pool
2018-10-07 21:42:31 28220 [Note] InnoDB: Setting log file C:\Users\Brandon Lee\Desktop\ikomo\mysql\data\ib_logfile101 size to 5 MB
2018-10-07 21:42:31 28220 [Note] InnoDB: Setting log file C:\Users\Brandon Lee\Desktop\ikomo\mysql\data\ib_logfile1 size to 5 MB
2018-10-07 21:42:31 28220 [Note] InnoDB: Renaming log file C:\Users\Brandon Lee\Desktop\ikomo\mysql\data\ib_logfile101 to C:\Users\Brandon Lee\Desktop\ikomo\mysql\data\ib_logfile0
2018-10-07 21:42:31 28220 [Warning] InnoDB: New log files created, LSN=1626134
2018-10-07 21:42:31 28220 [Note] InnoDB: Highest supported file format is Barracuda.
2018-10-07 21:42:32 28220 [Note] InnoDB: 128 rollback segment(s) are active.
2018-10-07 21:42:32 28220 [Note] InnoDB: Waiting for purge to start
2018-10-07 21:42:32 28220 [Note] InnoDB: 5.6.13 started; log sequence number 1626636
2018-10-07 21:42:32 28220 [Warning] No existing UUID has been found, so we assume that this is the first time that this server has been started. Generating a new UUID: 91e8df78-cab4-11e8-8755-9ff3e39851cb.
2018-10-07 21:42:32 28220 [Note] Server hostname (bind-address): '*'; port: 3307
2018-10-07 21:42:32 28220 [Note] IPv6 is available.
2018-10-07 21:42:32 28220 [Note]   - '::' resolves to '::';
2018-10-07 21:42:32 28220 [Note] Server socket created on IP: '::'.
2018-10-07 21:42:33 28220 [Note] Event Scheduler: Loaded 0 events
2018-10-07 21:42:33 28220 [Note] C:\Users\Brandon Lee\Desktop\ikomo/mysql/bin/mysqld_usbwv8.exe: ready for connections.
Version: '5.6.13'  socket: ''  port: 3307  MySQL Community Server (GPL)
2018-10-07 22:04:36 22072 [Note] Plugin 'FEDERATED' is disabled.
2018-10-07 22:04:36 22072 [Note] InnoDB: The InnoDB memory heap is disabled
2018-10-07 22:04:36 22072 [Note] InnoDB: Mutexes and rw_locks use Windows interlocked functions
2018-10-07 22:04:36 22072 [Note] InnoDB: Compressed tables use zlib 1.2.3
2018-10-07 22:04:36 22072 [Note] InnoDB: Not using CPU crc32 instructions
2018-10-07 22:04:36 22072 [Note] InnoDB: Initializing buffer pool, size = 128.0M
2018-10-07 22:04:36 22072 [Note] InnoDB: Completed initialization of buffer pool
2018-10-07 22:04:36 22072 [ERROR] InnoDB: C:\Users\Brandon Lee\Desktop\ikomo\mysql\data\ib_logfile0 can't be opened in read-write mode
2018-10-07 22:04:36 22072 [ERROR] Plugin 'InnoDB' init function returned error.
2018-10-07 22:04:36 22072 [ERROR] Plugin 'InnoDB' registration as a STORAGE ENGINE failed.
2018-10-07 22:04:36 22072 [ERROR] Unknown/unsupported storage engine: InnoDB
2018-10-07 22:04:36 22072 [ERROR] Aborting

2018-10-07 22:04:36 22072 [Note] Binlog end
2018-10-07 22:04:36 22072 [Note] Shutting down plugin 'partition'
2018-10-07 22:04:36 22072 [Note] Shutting down plugin 'PERFORMANCE_SCHEMA'
2018-10-07 22:04:36 22072 [Note] Shutting down plugin 'INNODB_SYS_DATAFILES'
2018-10-07 22:04:36 22072 [Note] Shutting down plugin 'INNODB_SYS_TABLESPACES'
2018-10-07 22:04:36 22072 [Note] Shutting down plugin 'INNODB_SYS_FOREIGN_COLS'
2018-10-07 22:04:36 22072 [Note] Shutting down plugin 'INNODB_SYS_FOREIGN'
2018-10-07 22:04:36 22072 [Note] Shutting down plugin 'INNODB_SYS_FIELDS'
2018-10-07 22:04:36 22072 [Note] Shutting down plugin 'INNODB_SYS_COLUMNS'
2018-10-07 22:04:36 22072 [Note] Shutting down plugin 'INNODB_SYS_INDEXES'
2018-10-07 22:04:36 22072 [Note] Shutting down plugin 'INNODB_SYS_TABLESTATS'
2018-10-07 22:04:36 22072 [Note] Shutting down plugin 'INNODB_SYS_TABLES'
2018-10-07 22:04:36 22072 [Note] Shutting down plugin 'INNODB_FT_INDEX_TABLE'
2018-10-07 22:04:36 22072 [Note] Shutting down plugin 'INNODB_FT_INDEX_CACHE'
2018-10-07 22:04:36 22072 [Note] Shutting down plugin 'INNODB_FT_CONFIG'
2018-10-07 22:04:36 22072 [Note] Shutting down plugin 'INNODB_FT_BEING_DELETED'
2018-10-07 22:04:36 22072 [Note] Shutting down plugin 'INNODB_FT_DELETED'
2018-10-07 22:04:36 22072 [Note] Shutting down plugin 'INNODB_FT_DEFAULT_STOPWORD'
2018-10-07 22:04:36 22072 [Note] Shutting down plugin 'INNODB_METRICS'
2018-10-07 22:04:36 22072 [Note] Shutting down plugin 'INNODB_BUFFER_POOL_STATS'
2018-10-07 22:04:36 22072 [Note] Shutting down plugin 'INNODB_BUFFER_PAGE_LRU'
2018-10-07 22:04:36 22072 [Note] Shutting down plugin 'INNODB_BUFFER_PAGE'
2018-10-07 22:04:36 22072 [Note] Shutting down plugin 'INNODB_CMP_PER_INDEX_RESET'
2018-10-07 22:04:36 22072 [Note] Shutting down plugin 'INNODB_CMP_PER_INDEX'
2018-10-07 22:04:36 22072 [Note] Shutting down plugin 'INNODB_CMPMEM_RESET'
2018-10-07 22:04:36 22072 [Note] Shutting down plugin 'INNODB_CMPMEM'
2018-10-07 22:04:36 22072 [Note] Shutting down plugin 'INNODB_CMP_RESET'
2018-10-07 22:04:36 22072 [Note] Shutting down plugin 'INNODB_CMP'
2018-10-07 22:04:36 22072 [Note] Shutting down plugin 'INNODB_LOCK_WAITS'
2018-10-07 22:04:36 22072 [Note] Shutting down plugin 'INNODB_LOCKS'
2018-10-07 22:04:36 22072 [Note] Shutting down plugin 'INNODB_TRX'
2018-10-07 22:04:36 22072 [Note] Shutting down plugin 'BLACKHOLE'
2018-10-07 22:04:36 22072 [Note] Shutting down plugin 'ARCHIVE'
2018-10-07 22:04:36 22072 [Note] Shutting down plugin 'MRG_MYISAM'
2018-10-07 22:04:36 22072 [Note] Shutting down plugin 'MyISAM'
2018-10-07 22:04:36 22072 [Note] Shutting down plugin 'MEMORY'
2018-10-07 22:04:36 22072 [Note] Shutting down plugin 'CSV'
2018-10-07 22:04:36 22072 [Note] Shutting down plugin 'sha256_password'
2018-10-07 22:04:36 22072 [Note] Shutting down plugin 'mysql_old_password'
2018-10-07 22:04:36 22072 [Note] Shutting down plugin 'mysql_native_password'
2018-10-07 22:04:36 22072 [Note] Shutting down plugin 'binlog'
2018-10-07 22:04:36 22072 [Note] C:\Users\Brandon Lee\Desktop\ikomo/mysql/bin/mysqld_usbwv8.exe: Shutdown complete

2018-10-07 22:04:47 3092 [Note] Plugin 'FEDERATED' is disabled.
2018-10-07 22:04:47 3092 [Note] InnoDB: The InnoDB memory heap is disabled
2018-10-07 22:04:47 3092 [Note] InnoDB: Mutexes and rw_locks use Windows interlocked functions
2018-10-07 22:04:47 3092 [Note] InnoDB: Compressed tables use zlib 1.2.3
2018-10-07 22:04:47 3092 [Note] InnoDB: Not using CPU crc32 instructions
2018-10-07 22:04:47 3092 [Note] InnoDB: Initializing buffer pool, size = 128.0M
2018-10-07 22:04:47 3092 [Note] InnoDB: Completed initialization of buffer pool
2018-10-07 22:04:47 3092 [ERROR] InnoDB: C:\Users\Brandon Lee\Desktop\ikomo\mysql\data\ib_logfile0 can't be opened in read-write mode
2018-10-07 22:04:47 3092 [ERROR] Plugin 'InnoDB' init function returned error.
2018-10-07 22:04:47 3092 [ERROR] Plugin 'InnoDB' registration as a STORAGE ENGINE failed.
2018-10-07 22:04:47 3092 [ERROR] Unknown/unsupported storage engine: InnoDB
2018-10-07 22:04:47 3092 [ERROR] Aborting

2018-10-07 22:04:47 3092 [Note] Binlog end
2018-10-07 22:04:47 3092 [Note] Shutting down plugin 'partition'
2018-10-07 22:04:47 3092 [Note] Shutting down plugin 'PERFORMANCE_SCHEMA'
2018-10-07 22:04:47 3092 [Note] Shutting down plugin 'INNODB_SYS_DATAFILES'
2018-10-07 22:04:47 3092 [Note] Shutting down plugin 'INNODB_SYS_TABLESPACES'
2018-10-07 22:04:47 3092 [Note] Shutting down plugin 'INNODB_SYS_FOREIGN_COLS'
2018-10-07 22:04:47 3092 [Note] Shutting down plugin 'INNODB_SYS_FOREIGN'
2018-10-07 22:04:47 3092 [Note] Shutting down plugin 'INNODB_SYS_FIELDS'
2018-10-07 22:04:47 3092 [Note] Shutting down plugin 'INNODB_SYS_COLUMNS'
2018-10-07 22:04:47 3092 [Note] Shutting down plugin 'INNODB_SYS_INDEXES'
2018-10-07 22:04:47 3092 [Note] Shutting down plugin 'INNODB_SYS_TABLESTATS'
2018-10-07 22:04:47 3092 [Note] Shutting down plugin 'INNODB_SYS_TABLES'
2018-10-07 22:04:47 3092 [Note] Shutting down plugin 'INNODB_FT_INDEX_TABLE'
2018-10-07 22:04:47 3092 [Note] Shutting down plugin 'INNODB_FT_INDEX_CACHE'
2018-10-07 22:04:47 3092 [Note] Shutting down plugin 'INNODB_FT_CONFIG'
2018-10-07 22:04:47 3092 [Note] Shutting down plugin 'INNODB_FT_BEING_DELETED'
2018-10-07 22:04:48 3092 [Note] Shutting down plugin 'INNODB_FT_DELETED'
2018-10-07 22:04:48 3092 [Note] Shutting down plugin 'INNODB_FT_DEFAULT_STOPWORD'
2018-10-07 22:04:48 3092 [Note] Shutting down plugin 'INNODB_METRICS'
2018-10-07 22:04:48 3092 [Note] Shutting down plugin 'INNODB_BUFFER_POOL_STATS'
2018-10-07 22:04:48 3092 [Note] Shutting down plugin 'INNODB_BUFFER_PAGE_LRU'
2018-10-07 22:04:48 3092 [Note] Shutting down plugin 'INNODB_BUFFER_PAGE'
2018-10-07 22:04:48 3092 [Note] Shutting down plugin 'INNODB_CMP_PER_INDEX_RESET'
2018-10-07 22:04:48 3092 [Note] Shutting down plugin 'INNODB_CMP_PER_INDEX'
2018-10-07 22:04:48 3092 [Note] Shutting down plugin 'INNODB_CMPMEM_RESET'
2018-10-07 22:04:48 3092 [Note] Shutting down plugin 'INNODB_CMPMEM'
2018-10-07 22:04:48 3092 [Note] Shutting down plugin 'INNODB_CMP_RESET'
2018-10-07 22:04:48 3092 [Note] Shutting down plugin 'INNODB_CMP'
2018-10-07 22:04:48 3092 [Note] Shutting down plugin 'INNODB_LOCK_WAITS'
2018-10-07 22:04:48 3092 [Note] Shutting down plugin 'INNODB_LOCKS'
2018-10-07 22:04:48 3092 [Note] Shutting down plugin 'INNODB_TRX'
2018-10-07 22:04:48 3092 [Note] Shutting down plugin 'BLACKHOLE'
2018-10-07 22:04:48 3092 [Note] Shutting down plugin 'ARCHIVE'
2018-10-07 22:04:48 3092 [Note] Shutting down plugin 'MRG_MYISAM'
2018-10-07 22:04:48 3092 [Note] Shutting down plugin 'MyISAM'
2018-10-07 22:04:48 3092 [Note] Shutting down plugin 'MEMORY'
2018-10-07 22:04:48 3092 [Note] Shutting down plugin 'CSV'
2018-10-07 22:04:48 3092 [Note] Shutting down plugin 'sha256_password'
2018-10-07 22:04:48 3092 [Note] Shutting down plugin 'mysql_old_password'
2018-10-07 22:04:48 3092 [Note] Shutting down plugin 'mysql_native_password'
2018-10-07 22:04:48 3092 [Note] Shutting down plugin 'binlog'
2018-10-07 22:04:48 3092 [Note] C:\Users\Brandon Lee\Desktop\ikomo/mysql/bin/mysqld_usbwv8.exe: Shutdown complete

2018-10-07 22:04:53 21788 [Note] Plugin 'FEDERATED' is disabled.
2018-10-07 22:04:53 21788 [Note] InnoDB: The InnoDB memory heap is disabled
2018-10-07 22:04:53 21788 [Note] InnoDB: Mutexes and rw_locks use Windows interlocked functions
2018-10-07 22:04:53 21788 [Note] InnoDB: Compressed tables use zlib 1.2.3
2018-10-07 22:04:53 21788 [Note] InnoDB: Not using CPU crc32 instructions
2018-10-07 22:04:53 21788 [Note] InnoDB: Initializing buffer pool, size = 128.0M
2018-10-07 22:04:53 21788 [Note] InnoDB: Completed initialization of buffer pool
2018-10-07 22:04:53 21788 [ERROR] InnoDB: C:\Users\Brandon Lee\Desktop\ikomo\mysql\data\ib_logfile0 can't be opened in read-write mode
2018-10-07 22:04:53 21788 [ERROR] Plugin 'InnoDB' init function returned error.
2018-10-07 22:04:53 21788 [ERROR] Plugin 'InnoDB' registration as a STORAGE ENGINE failed.
2018-10-07 22:04:53 21788 [ERROR] Unknown/unsupported storage engine: InnoDB
2018-10-07 22:04:53 21788 [ERROR] Aborting

2018-10-07 22:04:53 21788 [Note] Binlog end
2018-10-07 22:04:53 21788 [Note] Shutting down plugin 'partition'
2018-10-07 22:04:53 21788 [Note] Shutting down plugin 'PERFORMANCE_SCHEMA'
2018-10-07 22:04:53 21788 [Note] Shutting down plugin 'INNODB_SYS_DATAFILES'
2018-10-07 22:04:53 21788 [Note] Shutting down plugin 'INNODB_SYS_TABLESPACES'
2018-10-07 22:04:53 21788 [Note] Shutting down plugin 'INNODB_SYS_FOREIGN_COLS'
2018-10-07 22:04:53 21788 [Note] Shutting down plugin 'INNODB_SYS_FOREIGN'
2018-10-07 22:04:53 21788 [Note] Shutting down plugin 'INNODB_SYS_FIELDS'
2018-10-07 22:04:53 21788 [Note] Shutting down plugin 'INNODB_SYS_COLUMNS'
2018-10-07 22:04:53 21788 [Note] Shutting down plugin 'INNODB_SYS_INDEXES'
2018-10-07 22:04:53 21788 [Note] Shutting down plugin 'INNODB_SYS_TABLESTATS'
2018-10-07 22:04:53 21788 [Note] Shutting down plugin 'INNODB_SYS_TABLES'
2018-10-07 22:04:53 21788 [Note] Shutting down plugin 'INNODB_FT_INDEX_TABLE'
2018-10-07 22:04:53 21788 [Note] Shutting down plugin 'INNODB_FT_INDEX_CACHE'
2018-10-07 22:04:53 21788 [Note] Shutting down plugin 'INNODB_FT_CONFIG'
2018-10-07 22:04:53 21788 [Note] Shutting down plugin 'INNODB_FT_BEING_DELETED'
2018-10-07 22:04:53 21788 [Note] Shutting down plugin 'INNODB_FT_DELETED'
2018-10-07 22:04:53 21788 [Note] Shutting down plugin 'INNODB_FT_DEFAULT_STOPWORD'
2018-10-07 22:04:53 21788 [Note] Shutting down plugin 'INNODB_METRICS'
2018-10-07 22:04:53 21788 [Note] Shutting down plugin 'INNODB_BUFFER_POOL_STATS'
2018-10-07 22:04:53 21788 [Note] Shutting down plugin 'INNODB_BUFFER_PAGE_LRU'
2018-10-07 22:04:53 21788 [Note] Shutting down plugin 'INNODB_BUFFER_PAGE'
2018-10-07 22:04:53 21788 [Note] Shutting down plugin 'INNODB_CMP_PER_INDEX_RESET'
2018-10-07 22:04:53 21788 [Note] Shutting down plugin 'INNODB_CMP_PER_INDEX'
2018-10-07 22:04:53 21788 [Note] Shutting down plugin 'INNODB_CMPMEM_RESET'
2018-10-07 22:04:53 21788 [Note] Shutting down plugin 'INNODB_CMPMEM'
2018-10-07 22:04:53 21788 [Note] Shutting down plugin 'INNODB_CMP_RESET'
2018-10-07 22:04:53 21788 [Note] Shutting down plugin 'INNODB_CMP'
2018-10-07 22:04:53 21788 [Note] Shutting down plugin 'INNODB_LOCK_WAITS'
2018-10-07 22:04:53 21788 [Note] Shutting down plugin 'INNODB_LOCKS'
2018-10-07 22:04:53 21788 [Note] Shutting down plugin 'INNODB_TRX'
2018-10-07 22:04:54 21788 [Note] Shutting down plugin 'BLACKHOLE'
2018-10-07 22:04:54 21788 [Note] Shutting down plugin 'ARCHIVE'
2018-10-07 22:04:54 21788 [Note] Shutting down plugin 'MRG_MYISAM'
2018-10-07 22:04:54 21788 [Note] Shutting down plugin 'MyISAM'
2018-10-07 22:04:54 21788 [Note] Shutting down plugin 'MEMORY'
2018-10-07 22:04:54 21788 [Note] Shutting down plugin 'CSV'
2018-10-07 22:04:54 21788 [Note] Shutting down plugin 'sha256_password'
2018-10-07 22:04:54 21788 [Note] Shutting down plugin 'mysql_old_password'
2018-10-07 22:04:54 21788 [Note] Shutting down plugin 'mysql_native_password'
2018-10-07 22:04:54 21788 [Note] Shutting down plugin 'binlog'
2018-10-07 22:04:54 21788 [Note] C:\Users\Brandon Lee\Desktop\ikomo/mysql/bin/mysqld_usbwv8.exe: Shutdown complete

2018-10-07 22:06:26 2436 [Note] Plugin 'FEDERATED' is disabled.
2018-10-07 22:06:26 2436 [Note] InnoDB: The InnoDB memory heap is disabled
2018-10-07 22:06:26 2436 [Note] InnoDB: Mutexes and rw_locks use Windows interlocked functions
2018-10-07 22:06:26 2436 [Note] InnoDB: Compressed tables use zlib 1.2.3
2018-10-07 22:06:26 2436 [Note] InnoDB: Not using CPU crc32 instructions
2018-10-07 22:06:26 2436 [Note] InnoDB: Initializing buffer pool, size = 128.0M
2018-10-07 22:06:26 2436 [Note] InnoDB: Completed initialization of buffer pool
2018-10-07 22:06:26 2436 [ERROR] InnoDB: C:\Users\Brandon Lee\Desktop\ikomo\mysql\data\ib_logfile0 can't be opened in read-write mode
2018-10-07 22:06:26 2436 [ERROR] Plugin 'InnoDB' init function returned error.
2018-10-07 22:06:26 2436 [ERROR] Plugin 'InnoDB' registration as a STORAGE ENGINE failed.
2018-10-07 22:06:26 2436 [ERROR] Unknown/unsupported storage engine: InnoDB
2018-10-07 22:06:26 2436 [ERROR] Aborting

2018-10-07 22:06:26 2436 [Note] Binlog end
2018-10-07 22:06:26 2436 [Note] Shutting down plugin 'partition'
2018-10-07 22:06:26 2436 [Note] Shutting down plugin 'PERFORMANCE_SCHEMA'
2018-10-07 22:06:26 2436 [Note] Shutting down plugin 'INNODB_SYS_DATAFILES'
2018-10-07 22:06:26 2436 [Note] Shutting down plugin 'INNODB_SYS_TABLESPACES'
2018-10-07 22:06:26 2436 [Note] Shutting down plugin 'INNODB_SYS_FOREIGN_COLS'
2018-10-07 22:06:26 2436 [Note] Shutting down plugin 'INNODB_SYS_FOREIGN'
2018-10-07 22:06:26 2436 [Note] Shutting down plugin 'INNODB_SYS_FIELDS'
2018-10-07 22:06:26 2436 [Note] Shutting down plugin 'INNODB_SYS_COLUMNS'
2018-10-07 22:06:26 2436 [Note] Shutting down plugin 'INNODB_SYS_INDEXES'
2018-10-07 22:06:26 2436 [Note] Shutting down plugin 'INNODB_SYS_TABLESTATS'
2018-10-07 22:06:26 2436 [Note] Shutting down plugin 'INNODB_SYS_TABLES'
2018-10-07 22:06:26 2436 [Note] Shutting down plugin 'INNODB_FT_INDEX_TABLE'
2018-10-07 22:06:26 2436 [Note] Shutting down plugin 'INNODB_FT_INDEX_CACHE'
2018-10-07 22:06:26 2436 [Note] Shutting down plugin 'INNODB_FT_CONFIG'
2018-10-07 22:06:26 2436 [Note] Shutting down plugin 'INNODB_FT_BEING_DELETED'
2018-10-07 22:06:26 2436 [Note] Shutting down plugin 'INNODB_FT_DELETED'
2018-10-07 22:06:26 2436 [Note] Shutting down plugin 'INNODB_FT_DEFAULT_STOPWORD'
2018-10-07 22:06:26 2436 [Note] Shutting down plugin 'INNODB_METRICS'
2018-10-07 22:06:26 2436 [Note] Shutting down plugin 'INNODB_BUFFER_POOL_STATS'
2018-10-07 22:06:26 2436 [Note] Shutting down plugin 'INNODB_BUFFER_PAGE_LRU'
2018-10-07 22:06:26 2436 [Note] Shutting down plugin 'INNODB_BUFFER_PAGE'
2018-10-07 22:06:26 2436 [Note] Shutting down plugin 'INNODB_CMP_PER_INDEX_RESET'
2018-10-07 22:06:26 2436 [Note] Shutting down plugin 'INNODB_CMP_PER_INDEX'
2018-10-07 22:06:26 2436 [Note] Shutting down plugin 'INNODB_CMPMEM_RESET'
2018-10-07 22:06:26 2436 [Note] Shutting down plugin 'INNODB_CMPMEM'
2018-10-07 22:06:26 2436 [Note] Shutting down plugin 'INNODB_CMP_RESET'
2018-10-07 22:06:26 2436 [Note] Shutting down plugin 'INNODB_CMP'
2018-10-07 22:06:26 2436 [Note] Shutting down plugin 'INNODB_LOCK_WAITS'
2018-10-07 22:06:26 2436 [Note] Shutting down plugin 'INNODB_LOCKS'
2018-10-07 22:06:26 2436 [Note] Shutting down plugin 'INNODB_TRX'
2018-10-07 22:06:26 2436 [Note] Shutting down plugin 'BLACKHOLE'
2018-10-07 22:06:26 2436 [Note] Shutting down plugin 'ARCHIVE'
2018-10-07 22:06:26 2436 [Note] Shutting down plugin 'MRG_MYISAM'
2018-10-07 22:06:26 2436 [Note] Shutting down plugin 'MyISAM'
2018-10-07 22:06:26 2436 [Note] Shutting down plugin 'MEMORY'
2018-10-07 22:06:26 2436 [Note] Shutting down plugin 'CSV'
2018-10-07 22:06:26 2436 [Note] Shutting down plugin 'sha256_password'
2018-10-07 22:06:26 2436 [Note] Shutting down plugin 'mysql_old_password'
2018-10-07 22:06:26 2436 [Note] Shutting down plugin 'mysql_native_password'
2018-10-07 22:06:26 2436 [Note] Shutting down plugin 'binlog'
2018-10-07 22:06:26 2436 [Note] C:\Users\Brandon Lee\Desktop\ikomo/mysql/bin/mysqld_usbwv8.exe: Shutdown complete

2018-10-07 22:07:04 15116 [Note] Plugin 'FEDERATED' is disabled.
2018-10-07 22:07:04 15116 [Note] InnoDB: The InnoDB memory heap is disabled
2018-10-07 22:07:04 15116 [Note] InnoDB: Mutexes and rw_locks use Windows interlocked functions
2018-10-07 22:07:04 15116 [Note] InnoDB: Compressed tables use zlib 1.2.3
2018-10-07 22:07:04 15116 [Note] InnoDB: Not using CPU crc32 instructions
2018-10-07 22:07:04 15116 [Note] InnoDB: Initializing buffer pool, size = 128.0M
2018-10-07 22:07:04 15116 [Note] InnoDB: Completed initialization of buffer pool
2018-10-07 22:07:04 15116 [Note] InnoDB: Highest supported file format is Barracuda.
2018-10-07 22:07:04 15116 [Note] InnoDB: The log sequence numbers 1626134 and 1626134 in ibdata files do not match the log sequence number 1645477 in the ib_logfiles!
2018-10-07 22:07:04 15116 [Note] InnoDB: Database was not shutdown normally!
2018-10-07 22:07:04 15116 [Note] InnoDB: Starting crash recovery.
2018-10-07 22:07:04 15116 [Note] InnoDB: Reading tablespace information from the .ibd files...
2018-10-07 22:07:05 15116 [Note] InnoDB: Restoring possible half-written data pages 
2018-10-07 22:07:05 15116 [Note] InnoDB: from the doublewrite buffer...
2018-10-07 22:07:05 15116 [Note] InnoDB: 128 rollback segment(s) are active.
2018-10-07 22:07:05 15116 [Note] InnoDB: Waiting for purge to start
2018-10-07 22:07:05 15116 [Note] InnoDB: 5.6.13 started; log sequence number 1645477
2018-10-07 22:07:05 15116 [Note] Server hostname (bind-address): '*'; port: 3307
2018-10-07 22:07:05 15116 [Note] IPv6 is available.
2018-10-07 22:07:05 15116 [Note]   - '::' resolves to '::';
2018-10-07 22:07:05 15116 [Note] Server socket created on IP: '::'.
2018-10-07 22:39:11 27344 [Note] Plugin 'FEDERATED' is disabled.
2018-10-07 22:39:11 27344 [Note] InnoDB: The InnoDB memory heap is disabled
2018-10-07 22:39:11 27344 [Note] InnoDB: Mutexes and rw_locks use Windows interlocked functions
2018-10-07 22:39:11 27344 [Note] InnoDB: Compressed tables use zlib 1.2.3
2018-10-07 22:39:11 27344 [Note] InnoDB: Not using CPU crc32 instructions
2018-10-07 22:39:11 27344 [Note] InnoDB: Initializing buffer pool, size = 128.0M
2018-10-07 22:39:11 27344 [Note] InnoDB: Completed initialization of buffer pool
2018-10-07 22:39:11 27344 [Note] InnoDB: Highest supported file format is Barracuda.
2018-10-07 22:39:11 27344 [Note] InnoDB: The log sequence numbers 1626134 and 1626134 in ibdata files do not match the log sequence number 1645696 in the ib_logfiles!
2018-10-07 22:39:11 27344 [Note] InnoDB: Database was not shutdown normally!
2018-10-07 22:39:11 27344 [Note] InnoDB: Starting crash recovery.
2018-10-07 22:39:11 27344 [Note] InnoDB: Reading tablespace information from the .ibd files...
2018-10-07 22:39:11 27344 [Note] InnoDB: Restoring possible half-written data pages 
2018-10-07 22:39:11 27344 [Note] InnoDB: from the doublewrite buffer...
2018-10-07 22:39:12 27344 [Note] InnoDB: 128 rollback segment(s) are active.
2018-10-07 22:39:12 27344 [Note] InnoDB: Waiting for purge to start
2018-10-07 22:39:12 27344 [Note] InnoDB: 5.6.13 started; log sequence number 1645696
2018-10-07 22:39:12 27344 [Note] Server hostname (bind-address): '*'; port: 3307
2018-10-07 22:39:12 27344 [Note] IPv6 is available.
2018-10-07 22:39:12 27344 [Note]   - '::' resolves to '::';
2018-10-07 22:39:12 27344 [Note] Server socket created on IP: '::'.
2018-10-07 22:40:38 19460 [Note] Plugin 'FEDERATED' is disabled.
2018-10-07 22:40:38 19460 [Note] InnoDB: The InnoDB memory heap is disabled
2018-10-07 22:40:38 19460 [Note] InnoDB: Mutexes and rw_locks use Windows interlocked functions
2018-10-07 22:40:38 19460 [Note] InnoDB: Compressed tables use zlib 1.2.3
2018-10-07 22:40:38 19460 [Note] InnoDB: Not using CPU crc32 instructions
2018-10-07 22:40:38 19460 [Note] InnoDB: Initializing buffer pool, size = 128.0M
2018-10-07 22:40:38 19460 [Note] InnoDB: Completed initialization of buffer pool
2018-10-07 22:40:38 19460 [Note] InnoDB: Highest supported file format is Barracuda.
2018-10-07 22:40:38 19460 [Note] InnoDB: The log sequence numbers 1626134 and 1626134 in ibdata files do not match the log sequence number 1645706 in the ib_logfiles!
2018-10-07 22:40:38 19460 [Note] InnoDB: Database was not shutdown normally!
2018-10-07 22:40:38 19460 [Note] InnoDB: Starting crash recovery.
2018-10-07 22:40:38 19460 [Note] InnoDB: Reading tablespace information from the .ibd files...
2018-10-07 22:40:38 19460 [Note] InnoDB: Restoring possible half-written data pages 
2018-10-07 22:40:38 19460 [Note] InnoDB: from the doublewrite buffer...
2018-10-07 22:40:39 19460 [Note] InnoDB: 128 rollback segment(s) are active.
2018-10-07 22:40:39 19460 [Note] InnoDB: Waiting for purge to start
2018-10-07 22:40:39 19460 [Note] InnoDB: 5.6.13 started; log sequence number 1645706
2018-10-07 22:40:39 19460 [Note] Server hostname (bind-address): '*'; port: 3307
2018-10-07 22:40:39 19460 [Note] IPv6 is available.
2018-10-07 22:40:39 19460 [Note]   - '::' resolves to '::';
2018-10-07 22:40:39 19460 [Note] Server socket created on IP: '::'.
2018-10-07 22:40:40 19460 [Note] Event Scheduler: Loaded 0 events
2018-10-07 22:40:40 19460 [Note] C:\Users\Brandon Lee\Desktop\ikomo/mysql/bin/mysqld_usbwv8.exe: ready for connections.
Version: '5.6.13'  socket: ''  port: 3307  MySQL Community Server (GPL)
