::1 - - [14/Oct/2018:22:13:50 -0700] "GET /phpmyadmin HTTP/1.1" 301 343 "-" "Mozilla/5.0 (Windows NT 10.0; Win64; x64) AppleWebKit/537.36 (KHTML, like Gecko) Chrome/69.0.3497.100 Safari/537.36"
::1 - - [14/Oct/2018:22:13:50 -0700] "GET /phpmyadmin/ HTTP/1.1" 200 13146 "-" "Mozilla/5.0 (Windows NT 10.0; Win64; x64) AppleWebKit/537.36 (KHTML, like Gecko) Chrome/69.0.3497.100 Safari/537.36"
::1 - - [14/Oct/2018:22:13:53 -0700] "GET /phpmyadmin/themes/pmahomme/jquery/jquery-ui.css HTTP/1.1" 200 36566 "-" "Mozilla/5.0 (Windows NT 10.0; Win64; x64) AppleWebKit/537.36 (KHTML, like Gecko) Chrome/69.0.3497.100 Safari/537.36"
::1 - - [14/Oct/2018:22:13:53 -0700] "GET /phpmyadmin/js/vendor/codemirror/lib/codemirror.css?v=4.8.3 HTTP/1.1" 200 8542 "-" "Mozilla/5.0 (Windows NT 10.0; Win64; x64) AppleWebKit/537.36 (KHTML, like Gecko) Chrome/69.0.3497.100 Safari/537.36"
::1 - - [14/Oct/2018:22:13:53 -0700] "GET /phpmyadmin/js/vendor/jquery/jquery.min.js?v=4.8.3 HTTP/1.1" 200 86927 "-" "Mozilla/5.0 (Windows NT 10.0; Win64; x64) AppleWebKit/537.36 (KHTML, like Gecko) Chrome/69.0.3497.100 Safari/537.36"
::1 - - [14/Oct/2018:22:13:53 -0700] "GET /phpmyadmin/js/vendor/jquery/jquery-migrate.js?v=4.8.3 HTTP/1.1" 200 17813 "-" "Mozilla/5.0 (Windows NT 10.0; Win64; x64) AppleWebKit/537.36 (KHTML, like Gecko) Chrome/69.0.3497.100 Safari/537.36"
::1 - - [14/Oct/2018:22:13:53 -0700] "GET /phpmyadmin/js/vendor/sprintf.js?v=4.8.3 HTTP/1.1" 200 7387 "-" "Mozilla/5.0 (Windows NT 10.0; Win64; x64) AppleWebKit/537.36 (KHTML, like Gecko) Chrome/69.0.3497.100 Safari/537.36"
::1 - - [14/Oct/2018:22:13:53 -0700] "GET /phpmyadmin/js/vendor/codemirror/addon/lint/lint.css?v=4.8.3 HTTP/1.1" 200 2999 "-" "Mozilla/5.0 (Windows NT 10.0; Win64; x64) AppleWebKit/537.36 (KHTML, like Gecko) Chrome/69.0.3497.100 Safari/537.36"
::1 - - [14/Oct/2018:22:13:53 -0700] "GET /phpmyadmin/js/vendor/codemirror/addon/hint/show-hint.css?v=4.8.3 HTTP/1.1" 200 623 "-" "Mozilla/5.0 (Windows NT 10.0; Win64; x64) AppleWebKit/537.36 (KHTML, like Gecko) Chrome/69.0.3497.100 Safari/537.36"
::1 - - [14/Oct/2018:22:13:53 -0700] "GET /phpmyadmin/js/keyhandler.js?v=4.8.3 HTTP/1.1" 200 3333 "-" "Mozilla/5.0 (Windows NT 10.0; Win64; x64) AppleWebKit/537.36 (KHTML, like Gecko) Chrome/69.0.3497.100 Safari/537.36"
::1 - - [14/Oct/2018:22:13:53 -0700] "GET /phpmyadmin/js/vendor/js.cookie.js?v=4.8.3 HTTP/1.1" 200 3886 "-" "Mozilla/5.0 (Windows NT 10.0; Win64; x64) AppleWebKit/537.36 (KHTML, like Gecko) Chrome/69.0.3497.100 Safari/537.36"
::1 - - [14/Oct/2018:22:13:53 -0700] "GET /phpmyadmin/js/vendor/jquery/jquery-ui.min.js?v=4.8.3 HTTP/1.1" 200 253681 "-" "Mozilla/5.0 (Windows NT 10.0; Win64; x64) AppleWebKit/537.36 (KHTML, like Gecko) Chrome/69.0.3497.100 Safari/537.36"
::1 - - [14/Oct/2018:22:13:53 -0700] "GET /phpmyadmin/js/vendor/jquery/jquery.event.drag-2.2.js?v=4.8.3 HTTP/1.1" 200 12826 "-" "Mozilla/5.0 (Windows NT 10.0; Win64; x64) AppleWebKit/537.36 (KHTML, like Gecko) Chrome/69.0.3497.100 Safari/537.36"
::1 - - [14/Oct/2018:22:13:53 -0700] "GET /phpmyadmin/js/ajax.js?v=4.8.3 HTTP/1.1" 200 31246 "-" "Mozilla/5.0 (Windows NT 10.0; Win64; x64) AppleWebKit/537.36 (KHTML, like Gecko) Chrome/69.0.3497.100 Safari/537.36"
::1 - - [14/Oct/2018:22:13:53 -0700] "GET /phpmyadmin/js/vendor/jquery/jquery.mousewheel.js?v=4.8.3 HTTP/1.1" 200 8267 "-" "Mozilla/5.0 (Windows NT 10.0; Win64; x64) AppleWebKit/537.36 (KHTML, like Gecko) Chrome/69.0.3497.100 Safari/537.36"
::1 - - [14/Oct/2018:22:13:54 -0700] "GET /phpmyadmin/js/vendor/jquery/jquery.validate.js?v=4.8.3 HTTP/1.1" 200 48696 "-" "Mozilla/5.0 (Windows NT 10.0; Win64; x64) AppleWebKit/537.36 (KHTML, like Gecko) Chrome/69.0.3497.100 Safari/537.36"
::1 - - [14/Oct/2018:22:13:54 -0700] "GET /phpmyadmin/js/vendor/jquery/jquery.ba-hashchange-1.3.js?v=4.8.3 HTTP/1.1" 200 16522 "-" "Mozilla/5.0 (Windows NT 10.0; Win64; x64) AppleWebKit/537.36 (KHTML, like Gecko) Chrome/69.0.3497.100 Safari/537.36"
::1 - - [14/Oct/2018:22:13:54 -0700] "GET /phpmyadmin/js/vendor/jquery/jquery.debounce-1.0.5.js?v=4.8.3 HTTP/1.1" 200 1169 "-" "Mozilla/5.0 (Windows NT 10.0; Win64; x64) AppleWebKit/537.36 (KHTML, like Gecko) Chrome/69.0.3497.100 Safari/537.36"
::1 - - [14/Oct/2018:22:13:54 -0700] "GET /phpmyadmin/js/vendor/jquery/jquery-ui-timepicker-addon.js?v=4.8.3 HTTP/1.1" 200 78475 "-" "Mozilla/5.0 (Windows NT 10.0; Win64; x64) AppleWebKit/537.36 (KHTML, like Gecko) Chrome/69.0.3497.100 Safari/537.36"
::1 - - [14/Oct/2018:22:13:54 -0700] "GET /phpmyadmin/js/menu-resizer.js?v=4.8.3 HTTP/1.1" 200 8318 "-" "Mozilla/5.0 (Windows NT 10.0; Win64; x64) AppleWebKit/537.36 (KHTML, like Gecko) Chrome/69.0.3497.100 Safari/537.36"
::1 - - [14/Oct/2018:22:13:54 -0700] "GET /phpmyadmin/js/cross_framing_protection.js?v=4.8.3 HTTP/1.1" 200 471 "-" "Mozilla/5.0 (Windows NT 10.0; Win64; x64) AppleWebKit/537.36 (KHTML, like Gecko) Chrome/69.0.3497.100 Safari/537.36"
::1 - - [14/Oct/2018:22:13:54 -0700] "GET /phpmyadmin/js/rte.js?v=4.8.3 HTTP/1.1" 200 47678 "-" "Mozilla/5.0 (Windows NT 10.0; Win64; x64) AppleWebKit/537.36 (KHTML, like Gecko) Chrome/69.0.3497.100 Safari/537.36"
::1 - - [14/Oct/2018:22:13:54 -0700] "GET /phpmyadmin/js/error_report.js?v=4.8.3 HTTP/1.1" 200 10112 "-" "Mozilla/5.0 (Windows NT 10.0; Win64; x64) AppleWebKit/537.36 (KHTML, like Gecko) Chrome/69.0.3497.100 Safari/537.36"
::1 - - [14/Oct/2018:22:13:54 -0700] "GET /phpmyadmin/js/config.js?v=4.8.3 HTTP/1.1" 200 26929 "-" "Mozilla/5.0 (Windows NT 10.0; Win64; x64) AppleWebKit/537.36 (KHTML, like Gecko) Chrome/69.0.3497.100 Safari/537.36"
::1 - - [14/Oct/2018:22:13:54 -0700] "GET /phpmyadmin/js/doclinks.js?v=4.8.3 HTTP/1.1" 200 20643 "-" "Mozilla/5.0 (Windows NT 10.0; Win64; x64) AppleWebKit/537.36 (KHTML, like Gecko) Chrome/69.0.3497.100 Safari/537.36"
::1 - - [14/Oct/2018:22:13:54 -0700] "GET /phpmyadmin/js/vendor/tracekit.js?v=4.8.3 HTTP/1.1" 200 45389 "-" "Mozilla/5.0 (Windows NT 10.0; Win64; x64) AppleWebKit/537.36 (KHTML, like Gecko) Chrome/69.0.3497.100 Safari/537.36"
::1 - - [14/Oct/2018:22:13:54 -0700] "GET /phpmyadmin/js/navigation.js?v=4.8.3 HTTP/1.1" 200 59816 "-" "Mozilla/5.0 (Windows NT 10.0; Win64; x64) AppleWebKit/537.36 (KHTML, like Gecko) Chrome/69.0.3497.100 Safari/537.36"
::1 - - [14/Oct/2018:22:13:54 -0700] "GET /phpmyadmin/js/common.js?v=4.8.3 HTTP/1.1" 200 19168 "-" "Mozilla/5.0 (Windows NT 10.0; Win64; x64) AppleWebKit/537.36 (KHTML, like Gecko) Chrome/69.0.3497.100 Safari/537.36"
::1 - - [14/Oct/2018:22:13:54 -0700] "GET /phpmyadmin/js/indexes.js?v=4.8.3 HTTP/1.1" 200 27371 "-" "Mozilla/5.0 (Windows NT 10.0; Win64; x64) AppleWebKit/537.36 (KHTML, like Gecko) Chrome/69.0.3497.100 Safari/537.36"
::1 - - [14/Oct/2018:22:13:54 -0700] "GET /phpmyadmin/js/shortcuts_handler.js?v=4.8.3 HTTP/1.1" 200 3264 "-" "Mozilla/5.0 (Windows NT 10.0; Win64; x64) AppleWebKit/537.36 (KHTML, like Gecko) Chrome/69.0.3497.100 Safari/537.36"
::1 - - [14/Oct/2018:22:13:54 -0700] "GET /phpmyadmin/js/page_settings.js?v=4.8.3 HTTP/1.1" 200 1749 "-" "Mozilla/5.0 (Windows NT 10.0; Win64; x64) AppleWebKit/537.36 (KHTML, like Gecko) Chrome/69.0.3497.100 Safari/537.36"
::1 - - [14/Oct/2018:22:13:54 -0700] "GET /phpmyadmin/js/functions.js?v=4.8.3 HTTP/1.1" 200 173488 "-" "Mozilla/5.0 (Windows NT 10.0; Win64; x64) AppleWebKit/537.36 (KHTML, like Gecko) Chrome/69.0.3497.100 Safari/537.36"
::1 - - [14/Oct/2018:22:13:54 -0700] "GET /phpmyadmin/js/vendor/codemirror/mode/sql/sql.js?v=4.8.3 HTTP/1.1" 200 45323 "-" "Mozilla/5.0 (Windows NT 10.0; Win64; x64) AppleWebKit/537.36 (KHTML, like Gecko) Chrome/69.0.3497.100 Safari/537.36"
::1 - - [14/Oct/2018:22:13:54 -0700] "GET /phpmyadmin/js/vendor/codemirror/addon/runmode/runmode.js?v=4.8.3 HTTP/1.1" 200 2499 "-" "Mozilla/5.0 (Windows NT 10.0; Win64; x64) AppleWebKit/537.36 (KHTML, like Gecko) Chrome/69.0.3497.100 Safari/537.36"
::1 - - [14/Oct/2018:22:13:54 -0700] "GET /phpmyadmin/js/vendor/codemirror/lib/codemirror.js?v=4.8.3 HTTP/1.1" 200 373234 "-" "Mozilla/5.0 (Windows NT 10.0; Win64; x64) AppleWebKit/537.36 (KHTML, like Gecko) Chrome/69.0.3497.100 Safari/537.36"
::1 - - [14/Oct/2018:22:13:54 -0700] "GET /phpmyadmin/js/vendor/codemirror/addon/hint/sql-hint.js?v=4.8.3 HTTP/1.1" 200 9148 "-" "Mozilla/5.0 (Windows NT 10.0; Win64; x64) AppleWebKit/537.36 (KHTML, like Gecko) Chrome/69.0.3497.100 Safari/537.36"
::1 - - [14/Oct/2018:22:13:54 -0700] "GET /phpmyadmin/js/vendor/codemirror/addon/hint/show-hint.js?v=4.8.3 HTTP/1.1" 200 15909 "-" "Mozilla/5.0 (Windows NT 10.0; Win64; x64) AppleWebKit/537.36 (KHTML, like Gecko) Chrome/69.0.3497.100 Safari/537.36"
::1 - - [14/Oct/2018:22:13:54 -0700] "GET /phpmyadmin/js/codemirror/addon/lint/sql-lint.js?v=4.8.3 HTTP/1.1" 200 1048 "-" "Mozilla/5.0 (Windows NT 10.0; Win64; x64) AppleWebKit/537.36 (KHTML, like Gecko) Chrome/69.0.3497.100 Safari/537.36"
::1 - - [14/Oct/2018:22:13:54 -0700] "GET /phpmyadmin/themes/pmahomme/img/logo_left.png HTTP/1.1" 200 2713 "-" "Mozilla/5.0 (Windows NT 10.0; Win64; x64) AppleWebKit/537.36 (KHTML, like Gecko) Chrome/69.0.3497.100 Safari/537.36"
::1 - - [14/Oct/2018:22:13:54 -0700] "GET /phpmyadmin/js/console.js?v=4.8.3 HTTP/1.1" 200 57278 "-" "Mozilla/5.0 (Windows NT 10.0; Win64; x64) AppleWebKit/537.36 (KHTML, like Gecko) Chrome/69.0.3497.100 Safari/537.36"
::1 - - [14/Oct/2018:22:13:54 -0700] "GET /phpmyadmin/js/vendor/codemirror/addon/lint/lint.js?v=4.8.3 HTTP/1.1" 200 8609 "-" "Mozilla/5.0 (Windows NT 10.0; Win64; x64) AppleWebKit/537.36 (KHTML, like Gecko) Chrome/69.0.3497.100 Safari/537.36"
::1 - - [14/Oct/2018:22:13:54 -0700] "GET /phpmyadmin/themes/dot.gif HTTP/1.1" 200 43 "-" "Mozilla/5.0 (Windows NT 10.0; Win64; x64) AppleWebKit/537.36 (KHTML, like Gecko) Chrome/69.0.3497.100 Safari/537.36"
::1 - - [14/Oct/2018:22:13:54 -0700] "GET /phpmyadmin/themes/pmahomme/css/printview.css?v=4.8.3 HTTP/1.1" 200 2746 "-" "Mozilla/5.0 (Windows NT 10.0; Win64; x64) AppleWebKit/537.36 (KHTML, like Gecko) Chrome/69.0.3497.100 Safari/537.36"
::1 - - [14/Oct/2018:22:13:53 -0700] "GET /phpmyadmin/phpmyadmin.css.php?nocache=6056641134ltr&server=1 HTTP/1.1" 200 20700 "-" "Mozilla/5.0 (Windows NT 10.0; Win64; x64) AppleWebKit/537.36 (KHTML, like Gecko) Chrome/69.0.3497.100 Safari/537.36"
::1 - - [14/Oct/2018:22:13:53 -0700] "GET /phpmyadmin/js/whitelist.php?v=4.8.3 HTTP/1.1" 200 57 "-" "Mozilla/5.0 (Windows NT 10.0; Win64; x64) AppleWebKit/537.36 (KHTML, like Gecko) Chrome/69.0.3497.100 Safari/537.36"
::1 - - [14/Oct/2018:22:13:54 -0700] "GET /phpmyadmin/js/messages.php?l=en&v=4.8.3 HTTP/1.1" 200 8822 "-" "Mozilla/5.0 (Windows NT 10.0; Win64; x64) AppleWebKit/537.36 (KHTML, like Gecko) Chrome/69.0.3497.100 Safari/537.36"
::1 - - [14/Oct/2018:22:13:55 -0700] "GET /phpmyadmin/themes/pmahomme/img/s_db.png HTTP/1.1" 200 328 "http://localhost:8080/phpmyadmin/phpmyadmin.css.php?nocache=6056641134ltr&server=1" "Mozilla/5.0 (Windows NT 10.0; Win64; x64) AppleWebKit/537.36 (KHTML, like Gecko) Chrome/69.0.3497.100 Safari/537.36"
::1 - - [14/Oct/2018:22:13:55 -0700] "GET /phpmyadmin/themes/pmahomme/img/left_nav_bg.png HTTP/1.1" 200 146 "http://localhost:8080/phpmyadmin/phpmyadmin.css.php?nocache=6056641134ltr&server=1" "Mozilla/5.0 (Windows NT 10.0; Win64; x64) AppleWebKit/537.36 (KHTML, like Gecko) Chrome/69.0.3497.100 Safari/537.36"
::1 - - [14/Oct/2018:22:13:55 -0700] "GET /phpmyadmin/themes/pmahomme/img/s_link.png HTTP/1.1" 200 280 "http://localhost:8080/phpmyadmin/phpmyadmin.css.php?nocache=6056641134ltr&server=1" "Mozilla/5.0 (Windows NT 10.0; Win64; x64) AppleWebKit/537.36 (KHTML, like Gecko) Chrome/69.0.3497.100 Safari/537.36"
::1 - - [14/Oct/2018:22:13:55 -0700] "GET /phpmyadmin/themes/pmahomme/img/b_plus.png HTTP/1.1" 200 143 "http://localhost:8080/phpmyadmin/phpmyadmin.css.php?nocache=6056641134ltr&server=1" "Mozilla/5.0 (Windows NT 10.0; Win64; x64) AppleWebKit/537.36 (KHTML, like Gecko) Chrome/69.0.3497.100 Safari/537.36"
::1 - - [14/Oct/2018:22:13:55 -0700] "GET /phpmyadmin/themes/pmahomme/img/b_newdb.png HTTP/1.1" 200 585 "http://localhost:8080/phpmyadmin/phpmyadmin.css.php?nocache=6056641134ltr&server=1" "Mozilla/5.0 (Windows NT 10.0; Win64; x64) AppleWebKit/537.36 (KHTML, like Gecko) Chrome/69.0.3497.100 Safari/537.36"
::1 - - [14/Oct/2018:22:13:55 -0700] "GET /phpmyadmin/themes/pmahomme/img/ajax_clock_small.gif HTTP/1.1" 200 1810 "http://localhost:8080/phpmyadmin/phpmyadmin.css.php?nocache=6056641134ltr&server=1" "Mozilla/5.0 (Windows NT 10.0; Win64; x64) AppleWebKit/537.36 (KHTML, like Gecko) Chrome/69.0.3497.100 Safari/537.36"
::1 - - [14/Oct/2018:22:13:55 -0700] "GET /phpmyadmin/themes/pmahomme/img/b_docs.png HTTP/1.1" 200 705 "http://localhost:8080/phpmyadmin/phpmyadmin.css.php?nocache=6056641134ltr&server=1" "Mozilla/5.0 (Windows NT 10.0; Win64; x64) AppleWebKit/537.36 (KHTML, like Gecko) Chrome/69.0.3497.100 Safari/537.36"
::1 - - [14/Oct/2018:22:13:55 -0700] "GET /phpmyadmin/themes/pmahomme/img/s_loggoff.png HTTP/1.1" 200 626 "http://localhost:8080/phpmyadmin/phpmyadmin.css.php?nocache=6056641134ltr&server=1" "Mozilla/5.0 (Windows NT 10.0; Win64; x64) AppleWebKit/537.36 (KHTML, like Gecko) Chrome/69.0.3497.100 Safari/537.36"
::1 - - [14/Oct/2018:22:13:55 -0700] "GET /phpmyadmin/themes/pmahomme/img/s_cog.png HTTP/1.1" 200 442 "http://localhost:8080/phpmyadmin/phpmyadmin.css.php?nocache=6056641134ltr&server=1" "Mozilla/5.0 (Windows NT 10.0; Win64; x64) AppleWebKit/537.36 (KHTML, like Gecko) Chrome/69.0.3497.100 Safari/537.36"
::1 - - [14/Oct/2018:22:13:55 -0700] "GET /phpmyadmin/themes/pmahomme/img/b_sqlhelp.png HTTP/1.1" 200 512 "http://localhost:8080/phpmyadmin/phpmyadmin.css.php?nocache=6056641134ltr&server=1" "Mozilla/5.0 (Windows NT 10.0; Win64; x64) AppleWebKit/537.36 (KHTML, like Gecko) Chrome/69.0.3497.100 Safari/537.36"
::1 - - [14/Oct/2018:22:13:55 -0700] "GET /phpmyadmin/themes/pmahomme/img/b_home.png HTTP/1.1" 200 734 "http://localhost:8080/phpmyadmin/phpmyadmin.css.php?nocache=6056641134ltr&server=1" "Mozilla/5.0 (Windows NT 10.0; Win64; x64) AppleWebKit/537.36 (KHTML, like Gecko) Chrome/69.0.3497.100 Safari/537.36"
::1 - - [14/Oct/2018:22:13:55 -0700] "GET /phpmyadmin/themes/pmahomme/img/s_reload.png HTTP/1.1" 200 527 "http://localhost:8080/phpmyadmin/phpmyadmin.css.php?nocache=6056641134ltr&server=1" "Mozilla/5.0 (Windows NT 10.0; Win64; x64) AppleWebKit/537.36 (KHTML, like Gecko) Chrome/69.0.3497.100 Safari/537.36"
::1 - - [14/Oct/2018:22:13:55 -0700] "GET /phpmyadmin/themes/pmahomme/img/window-new.png HTTP/1.1" 200 468 "http://localhost:8080/phpmyadmin/phpmyadmin.css.php?nocache=6056641134ltr&server=1" "Mozilla/5.0 (Windows NT 10.0; Win64; x64) AppleWebKit/537.36 (KHTML, like Gecko) Chrome/69.0.3497.100 Safari/537.36"
::1 - - [14/Oct/2018:22:13:55 -0700] "GET /phpmyadmin/themes/pmahomme/img/b_tblops.png HTTP/1.1" 200 537 "http://localhost:8080/phpmyadmin/phpmyadmin.css.php?nocache=6056641134ltr&server=1" "Mozilla/5.0 (Windows NT 10.0; Win64; x64) AppleWebKit/537.36 (KHTML, like Gecko) Chrome/69.0.3497.100 Safari/537.36"
::1 - - [14/Oct/2018:22:13:55 -0700] "GET /phpmyadmin/themes/pmahomme/img/s_lang.png HTTP/1.1" 200 659 "http://localhost:8080/phpmyadmin/phpmyadmin.css.php?nocache=6056641134ltr&server=1" "Mozilla/5.0 (Windows NT 10.0; Win64; x64) AppleWebKit/537.36 (KHTML, like Gecko) Chrome/69.0.3497.100 Safari/537.36"
::1 - - [14/Oct/2018:22:13:55 -0700] "GET /phpmyadmin/themes/pmahomme/img/s_asci.png HTTP/1.1" 200 148 "http://localhost:8080/phpmyadmin/phpmyadmin.css.php?nocache=6056641134ltr&server=1" "Mozilla/5.0 (Windows NT 10.0; Win64; x64) AppleWebKit/537.36 (KHTML, like Gecko) Chrome/69.0.3497.100 Safari/537.36"
::1 - - [14/Oct/2018:22:13:55 -0700] "GET /phpmyadmin/themes/pmahomme/img/b_plugin.png HTTP/1.1" 200 512 "http://localhost:8080/phpmyadmin/phpmyadmin.css.php?nocache=6056641134ltr&server=1" "Mozilla/5.0 (Windows NT 10.0; Win64; x64) AppleWebKit/537.36 (KHTML, like Gecko) Chrome/69.0.3497.100 Safari/537.36"
::1 - - [14/Oct/2018:22:13:55 -0700] "GET /phpmyadmin/themes/pmahomme/img/b_engine.png HTTP/1.1" 200 398 "http://localhost:8080/phpmyadmin/phpmyadmin.css.php?nocache=6056641134ltr&server=1" "Mozilla/5.0 (Windows NT 10.0; Win64; x64) AppleWebKit/537.36 (KHTML, like Gecko) Chrome/69.0.3497.100 Safari/537.36"
::1 - - [14/Oct/2018:22:13:55 -0700] "GET /phpmyadmin/themes/pmahomme/img/b_help.png HTTP/1.1" 200 705 "http://localhost:8080/phpmyadmin/phpmyadmin.css.php?nocache=6056641134ltr&server=1" "Mozilla/5.0 (Windows NT 10.0; Win64; x64) AppleWebKit/537.36 (KHTML, like Gecko) Chrome/69.0.3497.100 Safari/537.36"
::1 - - [14/Oct/2018:22:13:55 -0700] "GET /phpmyadmin/themes/pmahomme/img/s_theme.png HTTP/1.1" 200 772 "http://localhost:8080/phpmyadmin/phpmyadmin.css.php?nocache=6056641134ltr&server=1" "Mozilla/5.0 (Windows NT 10.0; Win64; x64) AppleWebKit/537.36 (KHTML, like Gecko) Chrome/69.0.3497.100 Safari/537.36"
::1 - - [14/Oct/2018:22:13:55 -0700] "GET /phpmyadmin/themes/pmahomme/img/console.png HTTP/1.1" 200 292 "http://localhost:8080/phpmyadmin/phpmyadmin.css.php?nocache=6056641134ltr&server=1" "Mozilla/5.0 (Windows NT 10.0; Win64; x64) AppleWebKit/537.36 (KHTML, like Gecko) Chrome/69.0.3497.100 Safari/537.36"
::1 - - [14/Oct/2018:22:13:55 -0700] "GET /phpmyadmin/themes/pmahomme/img/s_replication.png HTTP/1.1" 200 399 "http://localhost:8080/phpmyadmin/phpmyadmin.css.php?nocache=6056641134ltr&server=1" "Mozilla/5.0 (Windows NT 10.0; Win64; x64) AppleWebKit/537.36 (KHTML, like Gecko) Chrome/69.0.3497.100 Safari/537.36"
::1 - - [14/Oct/2018:22:13:55 -0700] "GET /phpmyadmin/themes/pmahomme/img/s_rights.png HTTP/1.1" 200 461 "http://localhost:8080/phpmyadmin/phpmyadmin.css.php?nocache=6056641134ltr&server=1" "Mozilla/5.0 (Windows NT 10.0; Win64; x64) AppleWebKit/537.36 (KHTML, like Gecko) Chrome/69.0.3497.100 Safari/537.36"
::1 - - [14/Oct/2018:22:13:55 -0700] "GET /phpmyadmin/themes/pmahomme/img/b_sql.png HTTP/1.1" 200 680 "http://localhost:8080/phpmyadmin/phpmyadmin.css.php?nocache=6056641134ltr&server=1" "Mozilla/5.0 (Windows NT 10.0; Win64; x64) AppleWebKit/537.36 (KHTML, like Gecko) Chrome/69.0.3497.100 Safari/537.36"
::1 - - [14/Oct/2018:22:13:55 -0700] "GET /phpmyadmin/themes/pmahomme/img/b_export.png HTTP/1.1" 200 514 "http://localhost:8080/phpmyadmin/phpmyadmin.css.php?nocache=6056641134ltr&server=1" "Mozilla/5.0 (Windows NT 10.0; Win64; x64) AppleWebKit/537.36 (KHTML, like Gecko) Chrome/69.0.3497.100 Safari/537.36"
::1 - - [14/Oct/2018:22:13:55 -0700] "GET /phpmyadmin/themes/pmahomme/img/b_import.png HTTP/1.1" 200 556 "http://localhost:8080/phpmyadmin/phpmyadmin.css.php?nocache=6056641134ltr&server=1" "Mozilla/5.0 (Windows NT 10.0; Win64; x64) AppleWebKit/537.36 (KHTML, like Gecko) Chrome/69.0.3497.100 Safari/537.36"
::1 - - [14/Oct/2018:22:13:55 -0700] "GET /phpmyadmin/themes/pmahomme/img/s_status.png HTTP/1.1" 200 600 "http://localhost:8080/phpmyadmin/phpmyadmin.css.php?nocache=6056641134ltr&server=1" "Mozilla/5.0 (Windows NT 10.0; Win64; x64) AppleWebKit/537.36 (KHTML, like Gecko) Chrome/69.0.3497.100 Safari/537.36"
::1 - - [14/Oct/2018:22:13:55 -0700] "GET /phpmyadmin/themes/pmahomme/img/s_vars.png HTTP/1.1" 200 523 "http://localhost:8080/phpmyadmin/phpmyadmin.css.php?nocache=6056641134ltr&server=1" "Mozilla/5.0 (Windows NT 10.0; Win64; x64) AppleWebKit/537.36 (KHTML, like Gecko) Chrome/69.0.3497.100 Safari/537.36"
::1 - - [14/Oct/2018:22:13:55 -0700] "GET /phpmyadmin/themes/pmahomme/img/s_host.png HTTP/1.1" 200 591 "http://localhost:8080/phpmyadmin/phpmyadmin.css.php?nocache=6056641134ltr&server=1" "Mozilla/5.0 (Windows NT 10.0; Win64; x64) AppleWebKit/537.36 (KHTML, like Gecko) Chrome/69.0.3497.100 Safari/537.36"
::1 - - [14/Oct/2018:22:13:55 -0700] "POST /phpmyadmin/navigation.php?ajax_request=1 HTTP/1.1" 200 2046 "-" "Mozilla/5.0 (Windows NT 10.0; Win64; x64) AppleWebKit/537.36 (KHTML, like Gecko) Chrome/69.0.3497.100 Safari/537.36"
::1 - - [14/Oct/2018:22:13:55 -0700] "POST /phpmyadmin/ajax.php HTTP/1.1" 200 1486 "-" "Mozilla/5.0 (Windows NT 10.0; Win64; x64) AppleWebKit/537.36 (KHTML, like Gecko) Chrome/69.0.3497.100 Safari/537.36"
::1 - - [14/Oct/2018:22:13:56 -0700] "GET /phpmyadmin/themes/pmahomme/img/b_more.png HTTP/1.1" 200 111 "http://localhost:8080/phpmyadmin/phpmyadmin.css.php?nocache=6056641134ltr&server=1" "Mozilla/5.0 (Windows NT 10.0; Win64; x64) AppleWebKit/537.36 (KHTML, like Gecko) Chrome/69.0.3497.100 Safari/537.36"
::1 - - [14/Oct/2018:22:13:56 -0700] "GET /phpmyadmin/favicon.ico HTTP/1.1" 200 22486 "-" "Mozilla/5.0 (Windows NT 10.0; Win64; x64) AppleWebKit/537.36 (KHTML, like Gecko) Chrome/69.0.3497.100 Safari/537.36"
::1 - - [14/Oct/2018:22:13:56 -0700] "GET /phpmyadmin/favicon.ico HTTP/1.1" 200 22486 "-" "Mozilla/5.0 (Windows NT 10.0; Win64; x64) AppleWebKit/537.36 (KHTML, like Gecko) Chrome/69.0.3497.100 Safari/537.36"
::1 - - [14/Oct/2018:22:13:56 -0700] "POST /phpmyadmin/ajax.php HTTP/1.1" 200 1383 "-" "Mozilla/5.0 (Windows NT 10.0; Win64; x64) AppleWebKit/537.36 (KHTML, like Gecko) Chrome/69.0.3497.100 Safari/537.36"
::1 - - [14/Oct/2018:22:13:56 -0700] "POST /phpmyadmin/db_structure.php?ajax_request=1&favorite_table=1&sync_favorite_tables=1 HTTP/1.1" 200 143 "-" "Mozilla/5.0 (Windows NT 10.0; Win64; x64) AppleWebKit/537.36 (KHTML, like Gecko) Chrome/69.0.3497.100 Safari/537.36"
::1 - - [14/Oct/2018:22:13:56 -0700] "POST /phpmyadmin/version_check.php HTTP/1.1" 200 64 "-" "Mozilla/5.0 (Windows NT 10.0; Win64; x64) AppleWebKit/537.36 (KHTML, like Gecko) Chrome/69.0.3497.100 Safari/537.36"
::1 - - [14/Oct/2018:22:13:58 -0700] "GET /phpmyadmin/server_databases.php?ajax_request=true&ajax_page_request=true&_nocache=1539580438916741161&token=4-0(%5CwEsJlIrLLo( HTTP/1.1" 200 6154 "-" "Mozilla/5.0 (Windows NT 10.0; Win64; x64) AppleWebKit/537.36 (KHTML, like Gecko) Chrome/69.0.3497.100 Safari/537.36"
::1 - - [14/Oct/2018:22:14:00 -0700] "GET /phpmyadmin/themes/pmahomme/img/s_asc.png HTTP/1.1" 200 146 "http://localhost:8080/phpmyadmin/phpmyadmin.css.php?nocache=6056641134ltr&server=1" "Mozilla/5.0 (Windows NT 10.0; Win64; x64) AppleWebKit/537.36 (KHTML, like Gecko) Chrome/69.0.3497.100 Safari/537.36"
::1 - - [14/Oct/2018:22:14:00 -0700] "GET /phpmyadmin/js/server_databases.js?v=4.8.3 HTTP/1.1" 200 5695 "-" "Mozilla/5.0 (Windows NT 10.0; Win64; x64) AppleWebKit/537.36 (KHTML, like Gecko) Chrome/69.0.3497.100 Safari/537.36"
::1 - - [14/Oct/2018:22:14:00 -0700] "GET /phpmyadmin/themes/pmahomme/img/arrow_ltr.png HTTP/1.1" 200 101 "-" "Mozilla/5.0 (Windows NT 10.0; Win64; x64) AppleWebKit/537.36 (KHTML, like Gecko) Chrome/69.0.3497.100 Safari/537.36"
::1 - - [14/Oct/2018:22:14:00 -0700] "GET /phpmyadmin/themes/pmahomme/img/b_deltbl.png HTTP/1.1" 200 577 "http://localhost:8080/phpmyadmin/phpmyadmin.css.php?nocache=6056641134ltr&server=1" "Mozilla/5.0 (Windows NT 10.0; Win64; x64) AppleWebKit/537.36 (KHTML, like Gecko) Chrome/69.0.3497.100 Safari/537.36"
::1 - - [14/Oct/2018:22:14:00 -0700] "GET /phpmyadmin/themes/pmahomme/img/s_notice.png HTTP/1.1" 200 567 "http://localhost:8080/phpmyadmin/phpmyadmin.css.php?nocache=6056641134ltr&server=1" "Mozilla/5.0 (Windows NT 10.0; Win64; x64) AppleWebKit/537.36 (KHTML, like Gecko) Chrome/69.0.3497.100 Safari/537.36"
::1 - - [14/Oct/2018:22:14:10 -0700] "POST /phpmyadmin/ajax.php HTTP/1.1" 200 1383 "-" "Mozilla/5.0 (Windows NT 10.0; Win64; x64) AppleWebKit/537.36 (KHTML, like Gecko) Chrome/69.0.3497.100 Safari/537.36"
::1 - - [14/Oct/2018:22:14:19 -0700] "GET /phpmyadmin/ HTTP/1.1" 200 13147 "-" "Mozilla/5.0 (Windows NT 10.0; Win64; x64) AppleWebKit/537.36 (KHTML, like Gecko) Chrome/69.0.3497.100 Safari/537.36"
::1 - - [14/Oct/2018:22:14:19 -0700] "GET /phpmyadmin/phpmyadmin.css.php?nocache=6056641139ltr&server=1 HTTP/1.1" 200 20700 "-" "Mozilla/5.0 (Windows NT 10.0; Win64; x64) AppleWebKit/537.36 (KHTML, like Gecko) Chrome/69.0.3497.100 Safari/537.36"
::1 - - [14/Oct/2018:22:14:20 -0700] "POST /phpmyadmin/navigation.php?ajax_request=1 HTTP/1.1" 200 2046 "-" "Mozilla/5.0 (Windows NT 10.0; Win64; x64) AppleWebKit/537.36 (KHTML, like Gecko) Chrome/69.0.3497.100 Safari/537.36"
::1 - - [14/Oct/2018:22:14:20 -0700] "POST /phpmyadmin/ajax.php HTTP/1.1" 200 1489 "-" "Mozilla/5.0 (Windows NT 10.0; Win64; x64) AppleWebKit/537.36 (KHTML, like Gecko) Chrome/69.0.3497.100 Safari/537.36"
::1 - - [14/Oct/2018:22:14:20 -0700] "POST /phpmyadmin/ajax.php HTTP/1.1" 200 1383 "-" "Mozilla/5.0 (Windows NT 10.0; Win64; x64) AppleWebKit/537.36 (KHTML, like Gecko) Chrome/69.0.3497.100 Safari/537.36"
::1 - - [14/Oct/2018:22:14:20 -0700] "POST /phpmyadmin/version_check.php HTTP/1.1" 200 64 "-" "Mozilla/5.0 (Windows NT 10.0; Win64; x64) AppleWebKit/537.36 (KHTML, like Gecko) Chrome/69.0.3497.100 Safari/537.36"
::1 - - [14/Oct/2018:22:14:20 -0700] "POST /phpmyadmin/db_structure.php?ajax_request=1&favorite_table=1&sync_favorite_tables=1 HTTP/1.1" 200 143 "-" "Mozilla/5.0 (Windows NT 10.0; Win64; x64) AppleWebKit/537.36 (KHTML, like Gecko) Chrome/69.0.3497.100 Safari/537.36"
::1 - - [14/Oct/2018:22:14:21 -0700] "GET /phpmyadmin/server_databases.php?ajax_request=true&ajax_page_request=true&_nocache=1539580461988578493&token=4-0(%5CwEsJlIrLLo( HTTP/1.1" 200 6154 "-" "Mozilla/5.0 (Windows NT 10.0; Win64; x64) AppleWebKit/537.36 (KHTML, like Gecko) Chrome/69.0.3497.100 Safari/537.36"
