[Sun Oct 14 22:12:47.724999 2018] [ssl:warn] [pid 11620:tid 588] AH01909: www.example.com:4433:0 server certificate does NOT include an ID which matches the server name
[Sun Oct 14 22:12:47.837698 2018] [ssl:warn] [pid 11620:tid 588] AH01909: www.example.com:4433:0 server certificate does NOT include an ID which matches the server name
[Sun Oct 14 22:12:48.667988 2018] [mpm_winnt:notice] [pid 11620:tid 588] AH00455: Apache/2.4.34 (Win32) OpenSSL/1.1.0i PHP/7.2.10 configured -- resuming normal operations
[Sun Oct 14 22:12:48.667988 2018] [mpm_winnt:notice] [pid 11620:tid 588] AH00456: Apache Lounge VC15 Server built: Aug 15 2018 11:10:17
[Sun Oct 14 22:12:48.667988 2018] [core:notice] [pid 11620:tid 588] AH00094: Command line: 'apache\\bin\\httpd.exe -d C:/Users/Brandon Lee/Desktop/ikomo/XAMPP/apache'
[Sun Oct 14 22:12:48.670979 2018] [mpm_winnt:notice] [pid 11620:tid 588] AH00418: Parent: Created child process 21392
[Sun Oct 14 22:12:49.973186 2018] [ssl:warn] [pid 21392:tid 688] AH01909: www.example.com:4433:0 server certificate does NOT include an ID which matches the server name
[Sun Oct 14 22:12:50.048494 2018] [ssl:warn] [pid 21392:tid 688] AH01909: www.example.com:4433:0 server certificate does NOT include an ID which matches the server name
[Sun Oct 14 22:12:50.113321 2018] [mpm_winnt:notice] [pid 21392:tid 688] AH00354: Child: Starting 150 worker threads.
[Sun Oct 14 22:13:11.556583 2018] [ssl:warn] [pid 2256:tid 664] AH01909: www.example.com:4433:0 server certificate does NOT include an ID which matches the server name
[Sun Oct 14 22:13:11.657345 2018] [core:warn] [pid 2256:tid 664] AH00098: pid file C:/Users/Brandon Lee/Desktop/ikomo/XAMPP/apache/logs/httpd.pid overwritten -- Unclean shutdown of previous Apache run?
[Sun Oct 14 22:13:11.665295 2018] [ssl:warn] [pid 2256:tid 664] AH01909: www.example.com:4433:0 server certificate does NOT include an ID which matches the server name
[Sun Oct 14 22:13:11.734108 2018] [mpm_winnt:notice] [pid 2256:tid 664] AH00455: Apache/2.4.34 (Win32) OpenSSL/1.1.0i PHP/7.2.10 configured -- resuming normal operations
[Sun Oct 14 22:13:11.734108 2018] [mpm_winnt:notice] [pid 2256:tid 664] AH00456: Apache Lounge VC15 Server built: Aug 15 2018 11:10:17
[Sun Oct 14 22:13:11.734108 2018] [core:notice] [pid 2256:tid 664] AH00094: Command line: 'c:\\users\\brandon lee\\desktop\\ikomo\\xampp\\apache\\bin\\httpd.exe -d C:/Users/Brandon Lee/Desktop/ikomo/XAMPP/apache'
[Sun Oct 14 22:13:11.738099 2018] [mpm_winnt:notice] [pid 2256:tid 664] AH00418: Parent: Created child process 23040
[Sun Oct 14 22:13:13.696303 2018] [ssl:warn] [pid 23040:tid 764] AH01909: www.example.com:4433:0 server certificate does NOT include an ID which matches the server name
[Sun Oct 14 22:13:13.804014 2018] [ssl:warn] [pid 23040:tid 764] AH01909: www.example.com:4433:0 server certificate does NOT include an ID which matches the server name
[Sun Oct 14 22:13:13.883800 2018] [mpm_winnt:notice] [pid 23040:tid 764] AH00354: Child: Starting 150 worker threads.
[Sun Oct 14 22:55:31.965522 2018] [ssl:warn] [pid 34156:tid 668] AH01909: www.example.com:4433:0 server certificate does NOT include an ID which matches the server name
[Sun Oct 14 22:55:32.048299 2018] [core:warn] [pid 34156:tid 668] AH00098: pid file C:/Users/Brandon Lee/Desktop/ikomo/XAMPP/apache/logs/httpd.pid overwritten -- Unclean shutdown of previous Apache run?
[Sun Oct 14 22:55:32.055280 2018] [ssl:warn] [pid 34156:tid 668] AH01909: www.example.com:4433:0 server certificate does NOT include an ID which matches the server name
[Sun Oct 14 22:55:32.901019 2018] [mpm_winnt:notice] [pid 34156:tid 668] AH00455: Apache/2.4.34 (Win32) OpenSSL/1.1.0i PHP/7.2.10 configured -- resuming normal operations
[Sun Oct 14 22:55:32.901019 2018] [mpm_winnt:notice] [pid 34156:tid 668] AH00456: Apache Lounge VC15 Server built: Aug 15 2018 11:10:17
[Sun Oct 14 22:55:32.901019 2018] [core:notice] [pid 34156:tid 668] AH00094: Command line: 'c:\\users\\brandon lee\\desktop\\ikomo\\xampp\\apache\\bin\\httpd.exe -d C:/Users/Brandon Lee/Desktop/ikomo/XAMPP/apache'
[Sun Oct 14 22:55:32.904011 2018] [mpm_winnt:notice] [pid 34156:tid 668] AH00418: Parent: Created child process 4948
[Sun Oct 14 22:55:34.845837 2018] [ssl:warn] [pid 4948:tid 652] AH01909: www.example.com:4433:0 server certificate does NOT include an ID which matches the server name
[Sun Oct 14 22:55:34.931610 2018] [ssl:warn] [pid 4948:tid 652] AH01909: www.example.com:4433:0 server certificate does NOT include an ID which matches the server name
[Sun Oct 14 22:55:35.230808 2018] [mpm_winnt:notice] [pid 4948:tid 652] AH00354: Child: Starting 150 worker threads.
[Sun Oct 14 22:58:13.287915 2018] [ssl:warn] [pid 33624:tid 636] AH01909: www.example.com:4433:0 server certificate does NOT include an ID which matches the server name
[Sun Oct 14 22:58:13.388645 2018] [core:warn] [pid 33624:tid 636] AH00098: pid file C:/Users/Brandon Lee/Desktop/ikomo/XAMPP/apache/logs/httpd.pid overwritten -- Unclean shutdown of previous Apache run?
[Sun Oct 14 22:58:13.394629 2018] [ssl:warn] [pid 33624:tid 636] AH01909: www.example.com:4433:0 server certificate does NOT include an ID which matches the server name
[Sun Oct 14 22:58:13.528272 2018] [mpm_winnt:notice] [pid 33624:tid 636] AH00455: Apache/2.4.34 (Win32) OpenSSL/1.1.0i PHP/7.2.10 configured -- resuming normal operations
[Sun Oct 14 22:58:13.528272 2018] [mpm_winnt:notice] [pid 33624:tid 636] AH00456: Apache Lounge VC15 Server built: Aug 15 2018 11:10:17
[Sun Oct 14 22:58:13.528272 2018] [core:notice] [pid 33624:tid 636] AH00094: Command line: 'c:\\users\\brandon lee\\desktop\\ikomo\\xampp\\apache\\bin\\httpd.exe -d C:/Users/Brandon Lee/Desktop/ikomo/XAMPP/apache'
[Sun Oct 14 22:58:13.532261 2018] [mpm_winnt:notice] [pid 33624:tid 636] AH00418: Parent: Created child process 18248
[Sun Oct 14 22:58:15.448644 2018] [ssl:warn] [pid 18248:tid 728] AH01909: www.example.com:4433:0 server certificate does NOT include an ID which matches the server name
[Sun Oct 14 22:58:15.520452 2018] [ssl:warn] [pid 18248:tid 728] AH01909: www.example.com:4433:0 server certificate does NOT include an ID which matches the server name
[Sun Oct 14 22:58:15.560345 2018] [mpm_winnt:notice] [pid 18248:tid 728] AH00354: Child: Starting 150 worker threads.
[Sun Oct 14 23:04:35.462572 2018] [ssl:warn] [pid 15716:tid 808] AH01909: www.example.com:4433:0 server certificate does NOT include an ID which matches the server name
[Sun Oct 14 23:04:35.548344 2018] [core:warn] [pid 15716:tid 808] AH00098: pid file C:/Users/Brandon Lee/Desktop/ikomo/XAMPP/apache/logs/httpd.pid overwritten -- Unclean shutdown of previous Apache run?
[Sun Oct 14 23:04:35.566294 2018] [ssl:warn] [pid 15716:tid 808] AH01909: www.example.com:4433:0 server certificate does NOT include an ID which matches the server name
[Sun Oct 14 23:04:35.669020 2018] [mpm_winnt:notice] [pid 15716:tid 808] AH00455: Apache/2.4.34 (Win32) OpenSSL/1.1.0i PHP/7.2.10 configured -- resuming normal operations
[Sun Oct 14 23:04:35.669020 2018] [mpm_winnt:notice] [pid 15716:tid 808] AH00456: Apache Lounge VC15 Server built: Aug 15 2018 11:10:17
[Sun Oct 14 23:04:35.669020 2018] [core:notice] [pid 15716:tid 808] AH00094: Command line: 'c:\\users\\brandon lee\\desktop\\ikomo\\xampp\\apache\\bin\\httpd.exe -d C:/Users/Brandon Lee/Desktop/ikomo/XAMPP/apache'
[Sun Oct 14 23:04:35.675004 2018] [mpm_winnt:notice] [pid 15716:tid 808] AH00418: Parent: Created child process 21292
[Sun Oct 14 23:04:37.296668 2018] [ssl:warn] [pid 21292:tid 616] AH01909: www.example.com:4433:0 server certificate does NOT include an ID which matches the server name
[Sun Oct 14 23:04:37.362004 2018] [ssl:warn] [pid 21292:tid 616] AH01909: www.example.com:4433:0 server certificate does NOT include an ID which matches the server name
[Sun Oct 14 23:04:37.405886 2018] [mpm_winnt:notice] [pid 21292:tid 616] AH00354: Child: Starting 150 worker threads.
[Mon Oct 15 00:58:37.775066 2018] [php7:warn] [pid 21292:tid 1940] [client ::1:54832] PHP Warning:  mysqli_connect(): MySQL server has gone away in C:\\Users\\Brandon Lee\\Desktop\\ikomo\\Home\\includes\\dbh.inc.php on line 8, referer: http://localhost:8080/signup.php
[Mon Oct 15 00:58:37.776069 2018] [php7:warn] [pid 21292:tid 1940] [client ::1:54832] PHP Warning:  mysqli_connect(): Error while reading greeting packet. PID=21292 in C:\\Users\\Brandon Lee\\Desktop\\ikomo\\Home\\includes\\dbh.inc.php on line 8, referer: http://localhost:8080/signup.php
[Mon Oct 15 00:58:37.777061 2018] [php7:warn] [pid 21292:tid 1940] [client ::1:54832] PHP Warning:  mysqli_connect(): (HY000/2006): MySQL server has gone away in C:\\Users\\Brandon Lee\\Desktop\\ikomo\\Home\\includes\\dbh.inc.php on line 8, referer: http://localhost:8080/signup.php
[Mon Oct 15 00:58:37.778057 2018] [php7:error] [pid 21292:tid 1940] [client ::1:54832] PHP Fatal error:  Maximum execution time of 30 seconds exceeded in C:\\Users\\Brandon Lee\\Desktop\\ikomo\\Home\\includes\\dbh.inc.php on line 8, referer: http://localhost:8080/signup.php
[Mon Oct 15 00:58:40.239118 2018] [php7:warn] [pid 21292:tid 1952] [client ::1:54833] PHP Warning:  mysqli_connect(): MySQL server has gone away in C:\\Users\\Brandon Lee\\Desktop\\ikomo\\Home\\includes\\dbh.inc.php on line 8, referer: http://localhost:8080/signup.php
[Mon Oct 15 00:58:40.239118 2018] [php7:warn] [pid 21292:tid 1952] [client ::1:54833] PHP Warning:  mysqli_connect(): Error while reading greeting packet. PID=21292 in C:\\Users\\Brandon Lee\\Desktop\\ikomo\\Home\\includes\\dbh.inc.php on line 8, referer: http://localhost:8080/signup.php
[Mon Oct 15 00:58:40.240116 2018] [php7:warn] [pid 21292:tid 1952] [client ::1:54833] PHP Warning:  mysqli_connect(): (HY000/2006): MySQL server has gone away in C:\\Users\\Brandon Lee\\Desktop\\ikomo\\Home\\includes\\dbh.inc.php on line 8, referer: http://localhost:8080/signup.php
[Mon Oct 15 00:58:40.240116 2018] [php7:error] [pid 21292:tid 1952] [client ::1:54833] PHP Fatal error:  Maximum execution time of 30 seconds exceeded in C:\\Users\\Brandon Lee\\Desktop\\ikomo\\Home\\includes\\dbh.inc.php on line 8, referer: http://localhost:8080/signup.php
[Mon Oct 15 00:58:44.485159 2018] [php7:warn] [pid 21292:tid 1948] [client ::1:54836] PHP Warning:  mysqli_connect(): MySQL server has gone away in C:\\Users\\Brandon Lee\\Desktop\\ikomo\\Home\\includes\\dbh.inc.php on line 8, referer: http://localhost:8080/signup.php
[Mon Oct 15 00:58:44.486156 2018] [php7:warn] [pid 21292:tid 1948] [client ::1:54836] PHP Warning:  mysqli_connect(): Error while reading greeting packet. PID=21292 in C:\\Users\\Brandon Lee\\Desktop\\ikomo\\Home\\includes\\dbh.inc.php on line 8, referer: http://localhost:8080/signup.php
[Mon Oct 15 00:58:44.486156 2018] [php7:warn] [pid 21292:tid 1948] [client ::1:54836] PHP Warning:  mysqli_connect(): (HY000/2006): MySQL server has gone away in C:\\Users\\Brandon Lee\\Desktop\\ikomo\\Home\\includes\\dbh.inc.php on line 8, referer: http://localhost:8080/signup.php
[Mon Oct 15 00:58:44.487153 2018] [php7:error] [pid 21292:tid 1948] [client ::1:54836] PHP Fatal error:  Maximum execution time of 30 seconds exceeded in C:\\Users\\Brandon Lee\\Desktop\\ikomo\\Home\\includes\\dbh.inc.php on line 8, referer: http://localhost:8080/signup.php
[Mon Oct 15 00:58:47.359646 2018] [php7:warn] [pid 21292:tid 1956] [client ::1:54838] PHP Warning:  mysqli_connect(): MySQL server has gone away in C:\\Users\\Brandon Lee\\Desktop\\ikomo\\Home\\includes\\dbh.inc.php on line 8, referer: http://localhost:8080/signup.php
[Mon Oct 15 00:58:47.360642 2018] [php7:warn] [pid 21292:tid 1956] [client ::1:54838] PHP Warning:  mysqli_connect(): Error while reading greeting packet. PID=21292 in C:\\Users\\Brandon Lee\\Desktop\\ikomo\\Home\\includes\\dbh.inc.php on line 8, referer: http://localhost:8080/signup.php
[Mon Oct 15 00:58:47.360642 2018] [php7:warn] [pid 21292:tid 1956] [client ::1:54838] PHP Warning:  mysqli_connect(): (HY000/2006): MySQL server has gone away in C:\\Users\\Brandon Lee\\Desktop\\ikomo\\Home\\includes\\dbh.inc.php on line 8, referer: http://localhost:8080/signup.php
[Mon Oct 15 00:58:47.361639 2018] [php7:error] [pid 21292:tid 1956] [client ::1:54838] PHP Fatal error:  Maximum execution time of 30 seconds exceeded in C:\\Users\\Brandon Lee\\Desktop\\ikomo\\Home\\includes\\dbh.inc.php on line 8, referer: http://localhost:8080/signup.php
[Mon Oct 15 00:58:47.815394 2018] [php7:warn] [pid 21292:tid 1932] [client ::1:54840] PHP Warning:  mysqli_connect(): MySQL server has gone away in C:\\Users\\Brandon Lee\\Desktop\\ikomo\\Home\\includes\\dbh.inc.php on line 8, referer: http://localhost:8080/signup.php
[Mon Oct 15 00:58:47.816422 2018] [php7:warn] [pid 21292:tid 1932] [client ::1:54840] PHP Warning:  mysqli_connect(): Error while reading greeting packet. PID=21292 in C:\\Users\\Brandon Lee\\Desktop\\ikomo\\Home\\includes\\dbh.inc.php on line 8, referer: http://localhost:8080/signup.php
[Mon Oct 15 00:58:47.816422 2018] [php7:warn] [pid 21292:tid 1932] [client ::1:54840] PHP Warning:  mysqli_connect(): (HY000/2006): MySQL server has gone away in C:\\Users\\Brandon Lee\\Desktop\\ikomo\\Home\\includes\\dbh.inc.php on line 8, referer: http://localhost:8080/signup.php
[Mon Oct 15 00:58:47.817386 2018] [php7:error] [pid 21292:tid 1932] [client ::1:54840] PHP Fatal error:  Maximum execution time of 30 seconds exceeded in C:\\Users\\Brandon Lee\\Desktop\\ikomo\\Home\\includes\\dbh.inc.php on line 8, referer: http://localhost:8080/signup.php
[Mon Oct 15 00:58:48.003602 2018] [php7:warn] [pid 21292:tid 1924] [client ::1:54843] PHP Warning:  mysqli_connect(): MySQL server has gone away in C:\\Users\\Brandon Lee\\Desktop\\ikomo\\Home\\includes\\dbh.inc.php on line 8, referer: http://localhost:8080/signup.php
[Mon Oct 15 00:58:48.004601 2018] [php7:warn] [pid 21292:tid 1924] [client ::1:54843] PHP Warning:  mysqli_connect(): Error while reading greeting packet. PID=21292 in C:\\Users\\Brandon Lee\\Desktop\\ikomo\\Home\\includes\\dbh.inc.php on line 8, referer: http://localhost:8080/signup.php
[Mon Oct 15 00:58:48.004601 2018] [php7:warn] [pid 21292:tid 1924] [client ::1:54843] PHP Warning:  mysqli_connect(): (HY000/2006): MySQL server has gone away in C:\\Users\\Brandon Lee\\Desktop\\ikomo\\Home\\includes\\dbh.inc.php on line 8, referer: http://localhost:8080/signup.php
[Mon Oct 15 00:58:48.004601 2018] [php7:error] [pid 21292:tid 1924] [client ::1:54843] PHP Fatal error:  Maximum execution time of 30 seconds exceeded in C:\\Users\\Brandon Lee\\Desktop\\ikomo\\Home\\includes\\dbh.inc.php on line 8, referer: http://localhost:8080/signup.php
[Mon Oct 15 00:59:03.872924 2018] [php7:warn] [pid 21292:tid 1908] [client ::1:54848] PHP Warning:  mysqli_connect(): MySQL server has gone away in C:\\Users\\Brandon Lee\\Desktop\\ikomo\\Home\\includes\\dbh.inc.php on line 8, referer: http://localhost:8080/signup.php
[Mon Oct 15 00:59:03.873918 2018] [php7:warn] [pid 21292:tid 1908] [client ::1:54848] PHP Warning:  mysqli_connect(): Error while reading greeting packet. PID=21292 in C:\\Users\\Brandon Lee\\Desktop\\ikomo\\Home\\includes\\dbh.inc.php on line 8, referer: http://localhost:8080/signup.php
[Mon Oct 15 00:59:03.873918 2018] [php7:warn] [pid 21292:tid 1908] [client ::1:54848] PHP Warning:  mysqli_connect(): (HY000/2006): MySQL server has gone away in C:\\Users\\Brandon Lee\\Desktop\\ikomo\\Home\\includes\\dbh.inc.php on line 8, referer: http://localhost:8080/signup.php
[Mon Oct 15 00:59:03.873918 2018] [php7:error] [pid 21292:tid 1908] [client ::1:54848] PHP Fatal error:  Maximum execution time of 30 seconds exceeded in C:\\Users\\Brandon Lee\\Desktop\\ikomo\\Home\\includes\\dbh.inc.php on line 8, referer: http://localhost:8080/signup.php
[Mon Oct 15 00:59:22.464704 2018] [php7:warn] [pid 21292:tid 1916] [client ::1:54855] PHP Warning:  mysqli_connect(): MySQL server has gone away in C:\\Users\\Brandon Lee\\Desktop\\ikomo\\Home\\includes\\dbh.inc.php on line 8, referer: http://localhost:8080/signup.php
[Mon Oct 15 00:59:22.465701 2018] [php7:warn] [pid 21292:tid 1916] [client ::1:54855] PHP Warning:  mysqli_connect(): Error while reading greeting packet. PID=21292 in C:\\Users\\Brandon Lee\\Desktop\\ikomo\\Home\\includes\\dbh.inc.php on line 8, referer: http://localhost:8080/signup.php
[Mon Oct 15 00:59:22.465701 2018] [php7:warn] [pid 21292:tid 1916] [client ::1:54855] PHP Warning:  mysqli_connect(): (HY000/2006): MySQL server has gone away in C:\\Users\\Brandon Lee\\Desktop\\ikomo\\Home\\includes\\dbh.inc.php on line 8, referer: http://localhost:8080/signup.php
[Mon Oct 15 00:59:22.466701 2018] [php7:error] [pid 21292:tid 1916] [client ::1:54855] PHP Fatal error:  Maximum execution time of 30 seconds exceeded in C:\\Users\\Brandon Lee\\Desktop\\ikomo\\Home\\includes\\dbh.inc.php on line 8, referer: http://localhost:8080/signup.php
[Mon Oct 15 09:16:59.645312 2018] [ssl:warn] [pid 12412:tid 224] AH01909: www.example.com:4433:0 server certificate does NOT include an ID which matches the server name
[Mon Oct 15 09:16:59.757312 2018] [core:warn] [pid 12412:tid 224] AH00098: pid file C:/Users/Brandon Lee/Desktop/ikomo/XAMPP/apache/logs/httpd.pid overwritten -- Unclean shutdown of previous Apache run?
[Mon Oct 15 09:16:59.765314 2018] [ssl:warn] [pid 12412:tid 224] AH01909: www.example.com:4433:0 server certificate does NOT include an ID which matches the server name
[Mon Oct 15 09:17:00.685344 2018] [mpm_winnt:notice] [pid 12412:tid 224] AH00455: Apache/2.4.34 (Win32) OpenSSL/1.1.0i PHP/7.2.10 configured -- resuming normal operations
[Mon Oct 15 09:17:00.685344 2018] [mpm_winnt:notice] [pid 12412:tid 224] AH00456: Apache Lounge VC15 Server built: Aug 15 2018 11:10:17
[Mon Oct 15 09:17:00.685344 2018] [core:notice] [pid 12412:tid 224] AH00094: Command line: 'c:\\users\\brandon lee\\desktop\\ikomo\\xampp\\apache\\bin\\httpd.exe -d C:/Users/Brandon Lee/Desktop/ikomo/XAMPP/apache'
[Mon Oct 15 09:17:00.689343 2018] [mpm_winnt:notice] [pid 12412:tid 224] AH00418: Parent: Created child process 19504
[Mon Oct 15 09:17:02.877350 2018] [ssl:warn] [pid 19504:tid 208] AH01909: www.example.com:4433:0 server certificate does NOT include an ID which matches the server name
[Mon Oct 15 09:17:03.025351 2018] [ssl:warn] [pid 19504:tid 208] AH01909: www.example.com:4433:0 server certificate does NOT include an ID which matches the server name
[Mon Oct 15 09:17:03.141349 2018] [mpm_winnt:notice] [pid 19504:tid 208] AH00354: Child: Starting 150 worker threads.
[Mon Oct 15 09:25:25.572041 2018] [php7:error] [pid 19504:tid 1952] [client ::1:56152] script 'C:/Users/Brandon Lee/Desktop/ikomo/Home/includes/login.inc.php' not found or unable to stat, referer: http://localhost:8080/signup.php?signup=success
[Mon Oct 15 10:24:22.000296 2018] [ssl:warn] [pid 29268:tid 648] AH01909: www.example.com:4433:0 server certificate does NOT include an ID which matches the server name
[Mon Oct 15 10:24:22.064124 2018] [core:warn] [pid 29268:tid 648] AH00098: pid file C:/Users/Brandon Lee/Desktop/ikomo/XAMPP/apache/logs/httpd.pid overwritten -- Unclean shutdown of previous Apache run?
[Mon Oct 15 10:24:22.103020 2018] [ssl:warn] [pid 29268:tid 648] AH01909: www.example.com:4433:0 server certificate does NOT include an ID which matches the server name
[Mon Oct 15 10:24:22.868972 2018] [mpm_winnt:notice] [pid 29268:tid 648] AH00455: Apache/2.4.34 (Win32) OpenSSL/1.1.0i PHP/7.2.10 configured -- resuming normal operations
[Mon Oct 15 10:24:22.868972 2018] [mpm_winnt:notice] [pid 29268:tid 648] AH00456: Apache Lounge VC15 Server built: Aug 15 2018 11:10:17
[Mon Oct 15 10:24:22.868972 2018] [core:notice] [pid 29268:tid 648] AH00094: Command line: 'c:\\users\\brandon lee\\desktop\\ikomo\\xampp\\apache\\bin\\httpd.exe -d C:/Users/Brandon Lee/Desktop/ikomo/XAMPP/apache'
[Mon Oct 15 10:24:22.870966 2018] [mpm_winnt:notice] [pid 29268:tid 648] AH00418: Parent: Created child process 30916
[Mon Oct 15 10:24:24.073750 2018] [ssl:warn] [pid 30916:tid 628] AH01909: www.example.com:4433:0 server certificate does NOT include an ID which matches the server name
[Mon Oct 15 10:24:24.129601 2018] [ssl:warn] [pid 30916:tid 628] AH01909: www.example.com:4433:0 server certificate does NOT include an ID which matches the server name
[Mon Oct 15 10:24:24.187446 2018] [mpm_winnt:notice] [pid 30916:tid 628] AH00354: Child: Starting 150 worker threads.
[Mon Oct 15 11:37:46.798234 2018] [php7:notice] [pid 30916:tid 1960] [client ::1:58090] PHP Notice:  Undefined variable: _post in C:\\Users\\Brandon Lee\\Desktop\\ikomo\\Home\\includes\\login.inc.php on line 8, referer: http://localhost:8080/signup.php?signup=success
[Mon Oct 15 11:37:46.799231 2018] [php7:notice] [pid 30916:tid 1960] [client ::1:58090] PHP Notice:  Undefined variable: sqli in C:\\Users\\Brandon Lee\\Desktop\\ikomo\\Home\\includes\\login.inc.php on line 17, referer: http://localhost:8080/signup.php?signup=success
[Mon Oct 15 11:38:19.856623 2018] [php7:notice] [pid 30916:tid 1960] [client ::1:58098] PHP Notice:  Undefined variable: _post in C:\\Users\\Brandon Lee\\Desktop\\ikomo\\Home\\includes\\login.inc.php on line 8, referer: http://localhost:8080/
[Mon Oct 15 11:38:19.857615 2018] [php7:notice] [pid 30916:tid 1960] [client ::1:58098] PHP Notice:  Undefined variable: sqli in C:\\Users\\Brandon Lee\\Desktop\\ikomo\\Home\\includes\\login.inc.php on line 17, referer: http://localhost:8080/
[Mon Oct 15 11:38:49.883316 2018] [php7:notice] [pid 30916:tid 1960] [client ::1:58104] PHP Notice:  Undefined variable: _post in C:\\Users\\Brandon Lee\\Desktop\\ikomo\\Home\\includes\\login.inc.php on line 8, referer: http://localhost:8080/
[Mon Oct 15 11:38:49.886307 2018] [php7:error] [pid 30916:tid 1960] [client ::1:58104] PHP Fatal error:  Uncaught Error: Call to undefined function mysli_stmt_execute() in C:\\Users\\Brandon Lee\\Desktop\\ikomo\\Home\\includes\\login.inc.php:23\nStack trace:\n#0 {main}\n  thrown in C:\\Users\\Brandon Lee\\Desktop\\ikomo\\Home\\includes\\login.inc.php on line 23, referer: http://localhost:8080/
[Mon Oct 15 11:39:30.226904 2018] [php7:notice] [pid 30916:tid 1960] [client ::1:58111] PHP Notice:  Undefined variable: _post in C:\\Users\\Brandon Lee\\Desktop\\ikomo\\Home\\includes\\login.inc.php on line 8, referer: http://localhost:8080/
[Mon Oct 15 11:39:34.920998 2018] [php7:notice] [pid 30916:tid 1960] [client ::1:58111] PHP Notice:  Undefined variable: _post in C:\\Users\\Brandon Lee\\Desktop\\ikomo\\Home\\includes\\login.inc.php on line 8, referer: http://localhost:8080/index.php?error=wrongpass
[Mon Oct 15 11:40:07.170822 2018] [php7:notice] [pid 30916:tid 1952] [client ::1:58145] PHP Notice:  Undefined variable: _post in C:\\Users\\Brandon Lee\\Desktop\\ikomo\\Home\\includes\\login.inc.php on line 8, referer: http://localhost:8080/index.php?error=wrongpass
[Mon Oct 15 11:40:11.008010 2018] [php7:notice] [pid 30916:tid 1952] [client ::1:58145] PHP Notice:  Undefined variable: _post in C:\\Users\\Brandon Lee\\Desktop\\ikomo\\Home\\includes\\login.inc.php on line 8, referer: http://localhost:8080/index.php?error=wrongpass
[Mon Oct 15 11:45:08.771947 2018] [php7:notice] [pid 30916:tid 1960] [client ::1:58173] PHP Notice:  Undefined variable: _post in C:\\Users\\Brandon Lee\\Desktop\\ikomo\\Home\\includes\\login.inc.php on line 8, referer: http://localhost:8080/signup.php?signup=success
[Mon Oct 15 12:27:14.723078 2018] [php7:notice] [pid 30916:tid 1960] [client ::1:58464] PHP Notice:  Undefined variable: _post in C:\\Users\\Brandon Lee\\Desktop\\ikomo\\Home\\includes\\login.inc.php on line 8, referer: http://localhost:8080/signup.php?signup=success
[Mon Oct 15 12:27:18.142814 2018] [php7:notice] [pid 30916:tid 1960] [client ::1:58464] PHP Notice:  Undefined variable: _post in C:\\Users\\Brandon Lee\\Desktop\\ikomo\\Home\\includes\\login.inc.php on line 8, referer: http://localhost:8080/index.php?error=nouser
[Mon Oct 15 13:07:28.727207 2018] [ssl:warn] [pid 17820:tid 236] AH01909: www.example.com:4433:0 server certificate does NOT include an ID which matches the server name
[Mon Oct 15 13:07:28.789042 2018] [core:warn] [pid 17820:tid 236] AH00098: pid file C:/Users/Brandon Lee/Desktop/ikomo/XAMPP/apache/logs/httpd.pid overwritten -- Unclean shutdown of previous Apache run?
[Mon Oct 15 13:07:28.794028 2018] [ssl:warn] [pid 17820:tid 236] AH01909: www.example.com:4433:0 server certificate does NOT include an ID which matches the server name
[Mon Oct 15 13:07:29.551004 2018] [mpm_winnt:notice] [pid 17820:tid 236] AH00455: Apache/2.4.34 (Win32) OpenSSL/1.1.0i PHP/7.2.10 configured -- resuming normal operations
[Mon Oct 15 13:07:29.551004 2018] [mpm_winnt:notice] [pid 17820:tid 236] AH00456: Apache Lounge VC15 Server built: Aug 15 2018 11:10:17
[Mon Oct 15 13:07:29.551004 2018] [core:notice] [pid 17820:tid 236] AH00094: Command line: 'c:\\users\\brandon lee\\desktop\\ikomo\\xampp\\apache\\bin\\httpd.exe -d C:/Users/Brandon Lee/Desktop/ikomo/XAMPP/apache'
[Mon Oct 15 13:07:29.553995 2018] [mpm_winnt:notice] [pid 17820:tid 236] AH00418: Parent: Created child process 22824
[Mon Oct 15 13:07:30.858018 2018] [ssl:warn] [pid 22824:tid 648] AH01909: www.example.com:4433:0 server certificate does NOT include an ID which matches the server name
[Mon Oct 15 13:07:30.920850 2018] [ssl:warn] [pid 22824:tid 648] AH01909: www.example.com:4433:0 server certificate does NOT include an ID which matches the server name
[Mon Oct 15 13:07:30.969719 2018] [mpm_winnt:notice] [pid 22824:tid 648] AH00354: Child: Starting 150 worker threads.
[Mon Oct 15 13:07:34.468156 2018] [php7:error] [pid 22824:tid 1956] [client ::1:58854] script 'C:/Users/Brandon Lee/Desktop/ikomo/Home/includes/logout.inc.php' not found or unable to stat, referer: http://localhost:8080/
[Mon Oct 15 13:31:11.347325 2018] [php7:notice] [pid 22824:tid 1956] [client ::1:59099] PHP Notice:  Undefined variable: _POSt in C:\\Users\\Brandon Lee\\Desktop\\ikomo\\Home\\includes\\login.inc.php on line 8, referer: http://localhost:8080/index.php
[Mon Oct 15 13:31:16.108559 2018] [php7:notice] [pid 22824:tid 1956] [client ::1:59099] PHP Notice:  Undefined variable: _POSt in C:\\Users\\Brandon Lee\\Desktop\\ikomo\\Home\\includes\\login.inc.php on line 8, referer: http://localhost:8080/index.php?error=wrongpass
[Mon Oct 15 13:31:51.877391 2018] [php7:notice] [pid 22824:tid 1952] [client ::1:59136] PHP Notice:  Undefined variable: _POSt in C:\\Users\\Brandon Lee\\Desktop\\ikomo\\Home\\includes\\login.inc.php on line 8, referer: http://localhost:8080/index.php?error=wrongpass
[Mon Oct 15 13:32:30.129392 2018] [php7:crit] [pid 22824:tid 1956] [client ::1:59140] PHP Parse error:  syntax error, unexpected '=', expecting ']' in C:\\Users\\Brandon Lee\\Desktop\\ikomo\\Home\\signup.php on line 32, referer: http://localhost:8080/index.php
[Mon Oct 15 21:01:54.697191 2018] [ssl:warn] [pid 9928:tid 680] AH01909: www.example.com:4433:0 server certificate does NOT include an ID which matches the server name
[Mon Oct 15 21:01:54.777976 2018] [core:warn] [pid 9928:tid 680] AH00098: pid file C:/Users/Brandon Lee/Desktop/ikomo/XAMPP/apache/logs/httpd.pid overwritten -- Unclean shutdown of previous Apache run?
[Mon Oct 15 21:01:54.784956 2018] [ssl:warn] [pid 9928:tid 680] AH01909: www.example.com:4433:0 server certificate does NOT include an ID which matches the server name
[Mon Oct 15 21:01:55.582823 2018] [mpm_winnt:notice] [pid 9928:tid 680] AH00455: Apache/2.4.34 (Win32) OpenSSL/1.1.0i PHP/7.2.10 configured -- resuming normal operations
[Mon Oct 15 21:01:55.582823 2018] [mpm_winnt:notice] [pid 9928:tid 680] AH00456: Apache Lounge VC15 Server built: Aug 15 2018 11:10:17
[Mon Oct 15 21:01:55.582823 2018] [core:notice] [pid 9928:tid 680] AH00094: Command line: 'c:\\users\\brandon lee\\desktop\\ikomo\\xampp\\apache\\bin\\httpd.exe -d C:/Users/Brandon Lee/Desktop/ikomo/XAMPP/apache'
[Mon Oct 15 21:01:55.585815 2018] [mpm_winnt:notice] [pid 9928:tid 680] AH00418: Parent: Created child process 18916
[Mon Oct 15 21:01:56.927228 2018] [ssl:warn] [pid 18916:tid 684] AH01909: www.example.com:4433:0 server certificate does NOT include an ID which matches the server name
[Mon Oct 15 21:01:56.995046 2018] [ssl:warn] [pid 18916:tid 684] AH01909: www.example.com:4433:0 server certificate does NOT include an ID which matches the server name
[Mon Oct 15 21:01:57.068849 2018] [mpm_winnt:notice] [pid 18916:tid 684] AH00354: Child: Starting 150 worker threads.
[Wed Oct 17 10:37:47.123853 2018] [ssl:warn] [pid 7480:tid 656] AH01909: www.example.com:4433:0 server certificate does NOT include an ID which matches the server name
[Wed Oct 17 10:37:47.170730 2018] [core:warn] [pid 7480:tid 656] AH00098: pid file C:/Users/Brandon Lee/Desktop/ikomo/XAMPP/apache/logs/httpd.pid overwritten -- Unclean shutdown of previous Apache run?
[Wed Oct 17 10:37:47.170730 2018] [ssl:warn] [pid 7480:tid 656] AH01909: www.example.com:4433:0 server certificate does NOT include an ID which matches the server name
[Wed Oct 17 10:37:47.248811 2018] [mpm_winnt:notice] [pid 7480:tid 656] AH00455: Apache/2.4.34 (Win32) OpenSSL/1.1.0i PHP/7.2.10 configured -- resuming normal operations
[Wed Oct 17 10:37:47.248811 2018] [mpm_winnt:notice] [pid 7480:tid 656] AH00456: Apache Lounge VC15 Server built: Aug 15 2018 11:10:17
[Wed Oct 17 10:37:47.248811 2018] [core:notice] [pid 7480:tid 656] AH00094: Command line: 'c:\\users\\brandon lee\\desktop\\ikomo\\xampp\\apache\\bin\\httpd.exe -d C:/Users/Brandon Lee/Desktop/ikomo/XAMPP/apache'
[Wed Oct 17 10:37:47.248811 2018] [mpm_winnt:notice] [pid 7480:tid 656] AH00418: Parent: Created child process 14796
[Wed Oct 17 10:37:48.014256 2018] [ssl:warn] [pid 14796:tid 672] AH01909: www.example.com:4433:0 server certificate does NOT include an ID which matches the server name
[Wed Oct 17 10:37:48.045499 2018] [ssl:warn] [pid 14796:tid 672] AH01909: www.example.com:4433:0 server certificate does NOT include an ID which matches the server name
[Wed Oct 17 10:37:48.076741 2018] [mpm_winnt:notice] [pid 14796:tid 672] AH00354: Child: Starting 150 worker threads.
